Log file open, 12/16/22 22:01:01
LogInit: Display: Running engine for game: ChatSystem
LogPlatformFile: Not using cached read wrapper
LogTaskGraph: Started task graph with 5 named threads and 17 total threads with 3 sets of task threads.
LogStats: Stats thread started at 0.286875
LogD3D11RHI: Loaded GFSDK_Aftermath_Lib.x64.dll
LogICUInternationalization: ICU TimeZone Detection - Raw Offset: -3:00, Platform Override: ''
LogPluginManager: Mounting plugin Paper2D
LogPluginManager: Mounting plugin AISupport
LogPluginManager: Mounting plugin LightPropagationVolume
LogPluginManager: Mounting plugin CameraShakePreviewer
LogPluginManager: Mounting plugin ActorLayerUtilities
LogPluginManager: Mounting plugin AnimationSharing
LogPluginManager: Mounting plugin CLionSourceCodeAccess
LogPluginManager: Mounting plugin CodeLiteSourceCodeAccess
LogPluginManager: Mounting plugin GitSourceControl
LogPluginManager: Mounting plugin KDevelopSourceCodeAccess
LogPluginManager: Mounting plugin NullSourceCodeAccess
LogPluginManager: Mounting plugin PerforceSourceControl
LogPluginManager: Mounting plugin PlasticSourceControl
LogPluginManager: Mounting plugin RiderLink
LogPluginManager: Mounting plugin RiderSourceCodeAccess
LogPluginManager: Mounting plugin SubversionSourceControl
LogPluginManager: Mounting plugin UObjectPlugin
LogPluginManager: Mounting plugin VisualStudioCodeSourceCodeAccess
LogPluginManager: Mounting plugin VisualStudioSourceCodeAccess
LogPluginManager: Mounting plugin XCodeSourceCodeAccess
LogPluginManager: Mounting plugin AssetManagerEditor
LogPluginManager: Mounting plugin CryptoKeys
LogPluginManager: Mounting plugin CurveEditorTools
LogPluginManager: Mounting plugin DataValidation
LogPluginManager: Mounting plugin EditorScriptingUtilities
LogPluginManager: Mounting plugin FacialAnimation
LogPluginManager: Mounting plugin GameplayTagsEditor
LogPluginManager: Mounting plugin GeometryMode
LogPluginManager: Mounting plugin MacGraphicsSwitching
LogPluginManager: Mounting plugin MaterialAnalyzer
LogPluginManager: Mounting plugin MobileLauncherProfileWizard
LogPluginManager: Mounting plugin PluginBrowser
LogPluginManager: Mounting plugin SpeedTreeImporter
LogPluginManager: Mounting plugin DatasmithContent
LogPluginManager: Mounting plugin VariantManagerContent
LogPluginManager: Mounting plugin AlembicImporter
LogPluginManager: Mounting plugin AutomationUtils
LogPluginManager: Mounting plugin BackChannel
LogPluginManager: Mounting plugin ChaosCloth
LogPluginManager: Mounting plugin ChaosClothEditor
LogPluginManager: Mounting plugin ChaosEditor
LogPluginManager: Mounting plugin ChaosNiagara
LogPluginManager: Mounting plugin ChaosSolverPlugin
LogPluginManager: Mounting plugin CharacterAI
LogPluginManager: Mounting plugin ControlRig
LogPluginManager: Mounting plugin GeometryCache
LogPluginManager: Mounting plugin GeometryCollectionPlugin
LogPluginManager: Mounting plugin GeometryProcessing
LogPluginManager: Mounting plugin PlanarCut
LogPluginManager: Mounting plugin PlatformCrypto
LogPluginManager: Mounting plugin ProxyLODPlugin
LogPluginManager: Mounting plugin SkeletalReduction
LogPluginManager: Mounting plugin Niagara
LogPluginManager: Mounting plugin MagicLeap
LogPluginManager: Mounting plugin MagicLeapLightEstimation
LogPluginManager: Mounting plugin MagicLeapMedia
LogPluginManager: Mounting plugin MagicLeapPassableWorld
LogPluginManager: Mounting plugin MLSDK
LogPluginManager: Mounting plugin DarkerNodes
LogPluginManager: Mounting plugin ElectronicNodes
LogPluginManager: Mounting plugin AndroidMedia
LogPluginManager: Mounting plugin AvfMedia
LogPluginManager: Mounting plugin ImgMedia
LogPluginManager: Mounting plugin MediaCompositing
LogPluginManager: Mounting plugin MediaPlayerEditor
LogPluginManager: Mounting plugin WebMMedia
LogPluginManager: Mounting plugin WmfMedia
LogPluginManager: Mounting plugin MeshPainting
LogPluginManager: Mounting plugin TcpMessaging
LogPluginManager: Mounting plugin UdpMessaging
LogPluginManager: Mounting plugin ActorSequence
LogPluginManager: Mounting plugin LevelSequenceEditor
LogPluginManager: Mounting plugin MatineeToLevelSequence
LogPluginManager: Mounting plugin MovieRenderPipeline
LogPluginManager: Mounting plugin TemplateSequence
LogPluginManager: Mounting plugin NetcodeUnitTest
LogPluginManager: Mounting plugin NUTUnrealEngine4
LogPluginManager: Mounting plugin OnlineSubsystemGooglePlay
LogPluginManager: Mounting plugin OnlineSubsystemIOS
LogPluginManager: Mounting plugin OnlineSubsystem
LogPluginManager: Mounting plugin OnlineSubsystemNull
LogPluginManager: Mounting plugin OnlineSubsystemUtils
LogPluginManager: Mounting plugin LauncherChunkInstaller
LogPluginManager: Mounting plugin AndroidDeviceProfileSelector
LogPluginManager: Mounting plugin AndroidMoviePlayer
LogPluginManager: Mounting plugin AndroidPermission
LogPluginManager: Mounting plugin AppleImageUtils
LogPluginManager: Mounting plugin AppleMoviePlayer
LogPluginManager: Mounting plugin ArchVisCharacter
LogPluginManager: Mounting plugin AssetTags
LogPluginManager: Mounting plugin AudioCapture
LogPluginManager: Mounting plugin CableComponent
LogPluginManager: Mounting plugin CustomMeshComponent
LogPluginManager: Mounting plugin EditableMesh
LogPluginManager: Mounting plugin ExampleDeviceProfileSelector
LogPluginManager: Mounting plugin GoogleCloudMessaging
LogPluginManager: Mounting plugin GooglePAD
LogPluginManager: Mounting plugin IOSDeviceProfileSelector
LogPluginManager: Mounting plugin LinuxDeviceProfileSelector
LogPluginManager: Mounting plugin LocationServicesBPLibrary
LogPluginManager: Mounting plugin MobilePatchingUtils
LogPluginManager: Mounting plugin OculusVR
LogPluginManager: Mounting plugin PhysXVehicles
LogPluginManager: Mounting plugin PostSplashScreen
LogPluginManager: Mounting plugin ProceduralMeshComponent
LogPluginManager: Mounting plugin RuntimePhysXCooking
LogPluginManager: Mounting plugin SignificanceManager
LogPluginManager: Mounting plugin SoundFields
LogPluginManager: Mounting plugin SteamVR
LogPluginManager: Mounting plugin Synthesis
LogPluginManager: Mounting plugin WebMMoviePlayer
LogPluginManager: Mounting plugin WindowsMoviePlayer
LogPluginManager: Mounting plugin ScreenshotTools
LogInit: Using libcurl 7.55.1-DEV
LogInit:  - built for x86_64-pc-win32
LogInit:  - supports SSL with OpenSSL/1.1.1
LogInit:  - supports HTTP deflate (compression) using libz 1.2.8
LogInit:  - other features:
LogInit:      CURL_VERSION_SSL
LogInit:      CURL_VERSION_LIBZ
LogInit:      CURL_VERSION_IPV6
LogInit:      CURL_VERSION_ASYNCHDNS
LogInit:      CURL_VERSION_LARGEFILE
LogInit:      CURL_VERSION_IDN
LogInit:  CurlRequestOptions (configurable via config and command line):
LogInit:  - bVerifyPeer = true  - Libcurl will verify peer certificate
LogInit:  - bUseHttpProxy = false  - Libcurl will NOT use HTTP proxy
LogInit:  - bDontReuseConnections = false  - Libcurl will reuse connections
LogInit:  - MaxHostConnections = 16  - Libcurl will limit the number of connections to a host
LogInit:  - LocalHostAddr = Default
LogInit:  - BufferSize = 65536
LogOnline: OSS: Creating online subsystem instance for: NULL
LogInit: WinSock: version 1.1 (2.2), MaxSocks=32767, MaxUdp=65467
LogOnline: OSS: TryLoadSubsystemAndSetDefault: Loaded subsystem for module [NULL]
LogInit: Build: ++UE4+Release-4.25-CL-14469661
LogInit: Engine Version: 4.25.4-14469661+++UE4+Release-4.25
LogInit: Compatible Engine Version: 4.25.0-13144385+++UE4+Release-4.25
LogInit: Net CL: 13144385
LogInit: OS: Windows 10 (Release 2009) (), CPU: AMD Ryzen 5 2600 Six-Core Processor            , GPU: NVIDIA GeForce RTX 2060
LogInit: Compiled (64-bit): Oct 11 2020 08:10:49
LogInit: Compiled with Visual C++: 19.24.28315.00
LogInit: Build Configuration: Development
LogInit: Branch Name: ++UE4+Release-4.25
LogInit: Command Line:  /Game/ThirdPersonCPP/Maps/ThirdPersonExampleMap -game -PIEVIACONSOLE -Multiprocess -server -logGameUserSettingsINI=G:/Documentos/Clientes/StevenJeffRudy/ChatSystem/ChatSystem/Saved/Config/Windows/PIEGameUserSettings0.ini -MultiprocessSaveConfig -MultiprocessOSS -messaging -SessionName="Play in Standalone Game" -port=17777 -windowed
LogInit: Base Directory: F:/Program Files/Epic Games/UE_4.25/Engine/Binaries/Win64/
LogInit: Allocator: TBB
LogInit: Installed Engine Build: 1
LogDevObjectVersion: Number of dev versions registered: 26
LogDevObjectVersion:   Dev-Blueprints (B0D832E4-1F89-4F0D-ACCF-7EB736FD4AA2): 10
LogDevObjectVersion:   Dev-Build (E1C64328-A22C-4D53-A36C-8E866417BD8C): 0
LogDevObjectVersion:   Dev-Core (375EC13C-06E4-48FB-B500-84F0262A717E): 4
LogDevObjectVersion:   Dev-Editor (E4B068ED-F494-42E9-A231-DA0B2E46BB41): 38
LogDevObjectVersion:   Dev-Framework (CFFC743F-43B0-4480-9391-14DF171D2073): 37
LogDevObjectVersion:   Dev-Mobile (B02B49B5-BB20-44E9-A304-32B752E40360): 2
LogDevObjectVersion:   Dev-Networking (A4E4105C-59A1-49B5-A7C5-40C4547EDFEE): 0
LogDevObjectVersion:   Dev-Online (39C831C9-5AE6-47DC-9A44-9C173E1C8E7C): 0
LogDevObjectVersion:   Dev-Physics (78F01B33-EBEA-4F98-B9B4-84EACCB95AA2): 4
LogDevObjectVersion:   Dev-Platform (6631380F-2D4D-43E0-8009-CF276956A95A): 0
LogDevObjectVersion:   Dev-Rendering (12F88B9F-8875-4AFC-A67C-D90C383ABD29): 43
LogDevObjectVersion:   Dev-Sequencer (7B5AE74C-D270-4C10-A958-57980B212A5A): 12
LogDevObjectVersion:   Dev-VR (D7296918-1DD6-4BDD-9DE2-64A83CC13884): 3
LogDevObjectVersion:   Dev-LoadTimes (C2A15278-BFE7-4AFE-6C17-90FF531DF755): 1
LogDevObjectVersion:   Private-Geometry (6EACA3D4-40EC-4CC1-B786-8BED09428FC5): 3
LogDevObjectVersion:   Dev-AnimPhys (29E575DD-E0A3-4627-9D10-D276232CDCEA): 17
LogDevObjectVersion:   Dev-Anim (AF43A65D-7FD3-4947-9873-3E8ED9C1BB05): 7
LogDevObjectVersion:   Dev-ReflectionCapture (6B266CEC-1EC7-4B8F-A30B-E4D90942FC07): 1
LogDevObjectVersion:   Dev-Automation (0DF73D61-A23F-47EA-B727-89E90C41499A): 1
LogDevObjectVersion:   FortniteMain (601D1886-AC64-4F84-AA16-D3DE0DEAC7D6): 31
LogDevObjectVersion:   Dev-Enterprise (9DFFBCD6-494F-0158-E221-12823C92A888): 10
LogDevObjectVersion:   Dev-Niagara (F2AED0AC-9AFE-416F-8664-AA7FFA26D6FC): 1
LogDevObjectVersion:   Dev-Destruction (174F1F0B-B4C6-45A5-B13F-2EE8D0FB917D): 10
LogDevObjectVersion:   Dev-Physics-Ext (35F94A83-E258-406C-A318-09F59610247C): 37
LogDevObjectVersion:   Dev-PhysicsMaterial-Chaos (B68FC16E-8B1B-42E2-B453-215C058844FE): 1
LogDevObjectVersion:   Dev-CineCamera (B2E18506-4273-CFC2-A54E-F4BB758BBA07): 1
LogInit: Presizing for max 25165824 objects, including 0 objects not considered by GC, pre-allocating 0 bytes for permanent pool.
LogConfig: Applying CVar settings from Section [/Script/Engine.StreamingSettings] File [G:/Documentos/Clientes/StevenJeffRudy/ChatSystem/ChatSystem/Saved/Config/Windows/Engine.ini]
LogConfig: Setting CVar [[s.MinBulkDataSizeForAsyncLoading:131072]]
LogConfig: Setting CVar [[s.AsyncLoadingThreadEnabled:0]]
LogConfig: Setting CVar [[s.EventDrivenLoaderEnabled:1]]
LogConfig: Setting CVar [[s.WarnIfTimeLimitExceeded:0]]
LogConfig: Setting CVar [[s.TimeLimitExceededMultiplier:1.5]]
LogConfig: Setting CVar [[s.TimeLimitExceededMinTime:0.005]]
LogConfig: Setting CVar [[s.UseBackgroundLevelStreaming:1]]
LogConfig: Setting CVar [[s.PriorityAsyncLoadingExtraTime:15.0]]
LogConfig: Setting CVar [[s.LevelStreamingActorsUpdateTimeLimit:5.0]]
LogConfig: Setting CVar [[s.PriorityLevelStreamingActorsUpdateExtraTime:5.0]]
LogConfig: Setting CVar [[s.LevelStreamingComponentsRegistrationGranularity:10]]
LogConfig: Setting CVar [[s.UnregisterComponentsTimeLimit:1.0]]
LogConfig: Setting CVar [[s.LevelStreamingComponentsUnregistrationGranularity:5]]
LogConfig: Setting CVar [[s.FlushStreamingOnExit:1]]
LogInit: Object subsystem initialized
LogConfig: Setting CVar [[con.DebugEarlyDefault:1]]
LogConfig: Setting CVar [[r.setres:1280x720]]
[2022.12.17-01.01.01:883][  0]LogConfig: Setting CVar [[con.DebugEarlyDefault:1]]
[2022.12.17-01.01.01:883][  0]LogConfig: Setting CVar [[r.setres:1280x720]]
[2022.12.17-01.01.01:883][  0]LogConfig: Applying CVar settings from Section [/Script/Engine.RendererSettings] File [G:/Documentos/Clientes/StevenJeffRudy/ChatSystem/ChatSystem/Saved/Config/Windows/Engine.ini]
[2022.12.17-01.01.01:883][  0]LogConfig: Setting CVar [[r.GPUCrashDebugging:0]]
[2022.12.17-01.01.01:883][  0]LogConfig: Applying CVar settings from Section [/Script/Engine.RendererOverrideSettings] File [G:/Documentos/Clientes/StevenJeffRudy/ChatSystem/ChatSystem/Saved/Config/Windows/Engine.ini]
[2022.12.17-01.01.01:883][  0]LogConfig: Applying CVar settings from Section [/Script/Engine.StreamingSettings] File [G:/Documentos/Clientes/StevenJeffRudy/ChatSystem/ChatSystem/Saved/Config/Windows/Engine.ini]
[2022.12.17-01.01.01:883][  0]LogConfig: Setting CVar [[s.MinBulkDataSizeForAsyncLoading:131072]]
[2022.12.17-01.01.01:883][  0]LogConfig: Setting CVar [[s.AsyncLoadingThreadEnabled:0]]
[2022.12.17-01.01.01:883][  0]LogConfig: Setting CVar [[s.EventDrivenLoaderEnabled:1]]
[2022.12.17-01.01.01:883][  0]LogConfig: Setting CVar [[s.WarnIfTimeLimitExceeded:0]]
[2022.12.17-01.01.01:883][  0]LogConfig: Setting CVar [[s.TimeLimitExceededMultiplier:1.5]]
[2022.12.17-01.01.01:883][  0]LogConfig: Setting CVar [[s.TimeLimitExceededMinTime:0.005]]
[2022.12.17-01.01.01:883][  0]LogConfig: Setting CVar [[s.UseBackgroundLevelStreaming:1]]
[2022.12.17-01.01.01:883][  0]LogConfig: Setting CVar [[s.PriorityAsyncLoadingExtraTime:15.0]]
[2022.12.17-01.01.01:883][  0]LogConfig: Setting CVar [[s.LevelStreamingActorsUpdateTimeLimit:5.0]]
[2022.12.17-01.01.01:883][  0]LogConfig: Setting CVar [[s.PriorityLevelStreamingActorsUpdateExtraTime:5.0]]
[2022.12.17-01.01.01:883][  0]LogConfig: Setting CVar [[s.LevelStreamingComponentsRegistrationGranularity:10]]
[2022.12.17-01.01.01:883][  0]LogConfig: Setting CVar [[s.UnregisterComponentsTimeLimit:1.0]]
[2022.12.17-01.01.01:883][  0]LogConfig: Setting CVar [[s.LevelStreamingComponentsUnregistrationGranularity:5]]
[2022.12.17-01.01.01:883][  0]LogConfig: Setting CVar [[s.FlushStreamingOnExit:1]]
[2022.12.17-01.01.01:883][  0]LogConfig: Applying CVar settings from Section [/Script/Engine.GarbageCollectionSettings] File [G:/Documentos/Clientes/StevenJeffRudy/ChatSystem/ChatSystem/Saved/Config/Windows/Engine.ini]
[2022.12.17-01.01.01:883][  0]LogConfig: Setting CVar [[gc.MaxObjectsNotConsideredByGC:1]]
[2022.12.17-01.01.01:883][  0]LogConfig: Setting CVar [[gc.SizeOfPermanentObjectPool:0]]
[2022.12.17-01.01.01:883][  0]LogConfig: Setting CVar [[gc.FlushStreamingOnGC:0]]
[2022.12.17-01.01.01:883][  0]LogConfig: Setting CVar [[gc.NumRetriesBeforeForcingGC:10]]
[2022.12.17-01.01.01:883][  0]LogConfig: Setting CVar [[gc.AllowParallelGC:1]]
[2022.12.17-01.01.01:883][  0]LogConfig: Setting CVar [[gc.TimeBetweenPurgingPendingKillObjects:61.1]]
[2022.12.17-01.01.01:883][  0]LogConfig: Setting CVar [[gc.MaxObjectsInEditor:25165824]]
[2022.12.17-01.01.01:883][  0]LogConfig: Setting CVar [[gc.IncrementalBeginDestroyEnabled:1]]
[2022.12.17-01.01.01:883][  0]LogConfig: Setting CVar [[gc.CreateGCClusters:1]]
[2022.12.17-01.01.01:883][  0]LogConfig: Setting CVar [[gc.MinGCClusterSize:5]]
[2022.12.17-01.01.01:883][  0]LogConfig: Setting CVar [[gc.ActorClusteringEnabled:0]]
[2022.12.17-01.01.01:883][  0]LogConfig: Setting CVar [[gc.BlueprintClusteringEnabled:0]]
[2022.12.17-01.01.01:883][  0]LogConfig: Setting CVar [[gc.UseDisregardForGCOnDedicatedServers:0]]
[2022.12.17-01.01.01:883][  0]LogConfig: Applying CVar settings from Section [/Script/Engine.NetworkSettings] File [G:/Documentos/Clientes/StevenJeffRudy/ChatSystem/ChatSystem/Saved/Config/Windows/Engine.ini]
[2022.12.17-01.01.01:884][  0]LogConfig: Applying CVar settings from Section [/Script/UnrealEd.CookerSettings] File [G:/Documentos/Clientes/StevenJeffRudy/ChatSystem/ChatSystem/Saved/Config/Windows/Engine.ini]
[2022.12.17-01.01.01:884][  0]LogConfig: Applying CVar settings from Section [ViewDistanceQuality@3] File [G:/Documentos/Clientes/StevenJeffRudy/ChatSystem/ChatSystem/Saved/Config/Windows/Scalability.ini]
[2022.12.17-01.01.01:884][  0]LogConfig: Setting CVar [[r.SkeletalMeshLODBias:0]]
[2022.12.17-01.01.01:884][  0]LogConfig: Setting CVar [[r.ViewDistanceScale:1.0]]
[2022.12.17-01.01.01:884][  0]LogConfig: Applying CVar settings from Section [AntiAliasingQuality@3] File [G:/Documentos/Clientes/StevenJeffRudy/ChatSystem/ChatSystem/Saved/Config/Windows/Scalability.ini]
[2022.12.17-01.01.01:884][  0]LogConfig: Setting CVar [[r.PostProcessAAQuality:4]]
[2022.12.17-01.01.01:884][  0]LogConfig: Applying CVar settings from Section [ShadowQuality@3] File [G:/Documentos/Clientes/StevenJeffRudy/ChatSystem/ChatSystem/Saved/Config/Windows/Scalability.ini]
[2022.12.17-01.01.01:884][  0]LogConfig: Setting CVar [[r.LightFunctionQuality:1]]
[2022.12.17-01.01.01:884][  0]LogConfig: Setting CVar [[r.ShadowQuality:5]]
[2022.12.17-01.01.01:884][  0]LogConfig: Setting CVar [[r.Shadow.CSM.MaxCascades:10]]
[2022.12.17-01.01.01:884][  0]LogConfig: Setting CVar [[r.Shadow.MaxResolution:2048]]
[2022.12.17-01.01.01:884][  0]LogConfig: Setting CVar [[r.Shadow.MaxCSMResolution:2048]]
[2022.12.17-01.01.01:884][  0]LogConfig: Setting CVar [[r.Shadow.RadiusThreshold:0.01]]
[2022.12.17-01.01.01:884][  0]LogConfig: Setting CVar [[r.Shadow.DistanceScale:1.0]]
[2022.12.17-01.01.01:884][  0]LogConfig: Setting CVar [[r.Shadow.CSM.TransitionScale:1.0]]
[2022.12.17-01.01.01:884][  0]LogConfig: Setting CVar [[r.Shadow.PreShadowResolutionFactor:1.0]]
[2022.12.17-01.01.01:884][  0]LogConfig: Setting CVar [[r.DistanceFieldShadowing:1]]
[2022.12.17-01.01.01:884][  0]LogConfig: Setting CVar [[r.DistanceFieldAO:1]]
[2022.12.17-01.01.01:884][  0]LogConfig: Setting CVar [[r.AOQuality:2]]
[2022.12.17-01.01.01:884][  0]LogConfig: Setting CVar [[r.VolumetricFog:1]]
[2022.12.17-01.01.01:884][  0]LogConfig: Setting CVar [[r.VolumetricFog.GridPixelSize:8]]
[2022.12.17-01.01.01:884][  0]LogConfig: Setting CVar [[r.VolumetricFog.GridSizeZ:128]]
[2022.12.17-01.01.01:884][  0]LogConfig: Setting CVar [[r.VolumetricFog.HistoryMissSupersampleCount:4]]
[2022.12.17-01.01.01:884][  0]LogConfig: Setting CVar [[r.LightMaxDrawDistanceScale:1]]
[2022.12.17-01.01.01:884][  0]LogConfig: Setting CVar [[r.CapsuleShadows:1]]
[2022.12.17-01.01.01:884][  0]LogConfig: Applying CVar settings from Section [PostProcessQuality@3] File [G:/Documentos/Clientes/StevenJeffRudy/ChatSystem/ChatSystem/Saved/Config/Windows/Scalability.ini]
[2022.12.17-01.01.01:884][  0]LogConfig: Setting CVar [[r.MotionBlurQuality:4]]
[2022.12.17-01.01.01:884][  0]LogConfig: Setting CVar [[r.AmbientOcclusionMipLevelFactor:0.4]]
[2022.12.17-01.01.01:884][  0]LogConfig: Setting CVar [[r.AmbientOcclusionMaxQuality:100]]
[2022.12.17-01.01.01:884][  0]LogConfig: Setting CVar [[r.AmbientOcclusionLevels:-1]]
[2022.12.17-01.01.01:884][  0]LogConfig: Setting CVar [[r.AmbientOcclusionRadiusScale:1.0]]
[2022.12.17-01.01.01:884][  0]LogConfig: Setting CVar [[r.DepthOfFieldQuality:2]]
[2022.12.17-01.01.01:884][  0]LogConfig: Setting CVar [[r.RenderTargetPoolMin:400]]
[2022.12.17-01.01.01:884][  0]LogConfig: Setting CVar [[r.LensFlareQuality:2]]
[2022.12.17-01.01.01:884][  0]LogConfig: Setting CVar [[r.SceneColorFringeQuality:1]]
[2022.12.17-01.01.01:884][  0]LogConfig: Setting CVar [[r.EyeAdaptationQuality:2]]
[2022.12.17-01.01.01:884][  0]LogConfig: Setting CVar [[r.BloomQuality:5]]
[2022.12.17-01.01.01:884][  0]LogConfig: Setting CVar [[r.FastBlurThreshold:100]]
[2022.12.17-01.01.01:884][  0]LogConfig: Setting CVar [[r.Upscale.Quality:3]]
[2022.12.17-01.01.01:884][  0]LogConfig: Setting CVar [[r.Tonemapper.GrainQuantization:1]]
[2022.12.17-01.01.01:884][  0]LogConfig: Setting CVar [[r.LightShaftQuality:1]]
[2022.12.17-01.01.01:884][  0]LogConfig: Setting CVar [[r.Filter.SizeScale:1]]
[2022.12.17-01.01.01:884][  0]LogConfig: Setting CVar [[r.Tonemapper.Quality:5]]
[2022.12.17-01.01.01:884][  0]LogConfig: Setting CVar [[r.DOF.Gather.AccumulatorQuality:1        ; higher gathering accumulator quality]]
[2022.12.17-01.01.01:884][  0]LogConfig: Setting CVar [[r.DOF.Gather.PostfilterMethod:1          ; Median3x3 postfilering method]]
[2022.12.17-01.01.01:884][  0]LogConfig: Setting CVar [[r.DOF.Gather.EnableBokehSettings:0       ; no bokeh simulation when gathering]]
[2022.12.17-01.01.01:884][  0]LogConfig: Setting CVar [[r.DOF.Gather.RingCount:4                 ; medium number of samples when gathering]]
[2022.12.17-01.01.01:884][  0]LogConfig: Setting CVar [[r.DOF.Scatter.ForegroundCompositing:1    ; additive foreground scattering]]
[2022.12.17-01.01.01:884][  0]LogConfig: Setting CVar [[r.DOF.Scatter.BackgroundCompositing:2    ; additive background scattering]]
[2022.12.17-01.01.01:884][  0]LogConfig: Setting CVar [[r.DOF.Scatter.EnableBokehSettings:1      ; bokeh simulation when scattering]]
[2022.12.17-01.01.01:884][  0]LogConfig: Setting CVar [[r.DOF.Scatter.MaxSpriteRatio:0.1         ; only a maximum of 10% of scattered bokeh]]
[2022.12.17-01.01.01:884][  0]LogConfig: Setting CVar [[r.DOF.Recombine.Quality:1                ; cheap slight out of focus]]
[2022.12.17-01.01.01:884][  0]LogConfig: Setting CVar [[r.DOF.Recombine.EnableBokehSettings:0    ; no bokeh simulation on slight out of focus]]
[2022.12.17-01.01.01:884][  0]LogConfig: Setting CVar [[r.DOF.TemporalAAQuality:1                ; more stable temporal accumulation]]
[2022.12.17-01.01.01:884][  0]LogConfig: Setting CVar [[r.DOF.Kernel.MaxForegroundRadius:0.025]]
[2022.12.17-01.01.01:884][  0]LogConfig: Setting CVar [[r.DOF.Kernel.MaxBackgroundRadius:0.025]]
[2022.12.17-01.01.01:884][  0]LogConfig: Applying CVar settings from Section [TextureQuality@3] File [G:/Documentos/Clientes/StevenJeffRudy/ChatSystem/ChatSystem/Saved/Config/Windows/Scalability.ini]
[2022.12.17-01.01.01:884][  0]LogConfig: Setting CVar [[r.Streaming.MipBias:0]]
[2022.12.17-01.01.01:885][  0]LogConfig: Setting CVar [[r.Streaming.AmortizeCPUToGPUCopy:0]]
[2022.12.17-01.01.01:885][  0]LogConfig: Setting CVar [[r.Streaming.MaxNumTexturesToStreamPerFrame:0]]
[2022.12.17-01.01.01:885][  0]LogConfig: Setting CVar [[r.Streaming.Boost:1]]
[2022.12.17-01.01.01:885][  0]LogConfig: Setting CVar [[r.MaxAnisotropy:8]]
[2022.12.17-01.01.01:885][  0]LogConfig: Setting CVar [[r.VT.MaxAnisotropy:8]]
[2022.12.17-01.01.01:885][  0]LogConfig: Setting CVar [[r.Streaming.LimitPoolSizeToVRAM:0]]
[2022.12.17-01.01.01:885][  0]LogConfig: Setting CVar [[r.Streaming.PoolSize:1000]]
[2022.12.17-01.01.01:885][  0]LogConfig: Setting CVar [[r.Streaming.MaxEffectiveScreenSize:0]]
[2022.12.17-01.01.01:885][  0]LogConfig: Applying CVar settings from Section [EffectsQuality@3] File [G:/Documentos/Clientes/StevenJeffRudy/ChatSystem/ChatSystem/Saved/Config/Windows/Scalability.ini]
[2022.12.17-01.01.01:885][  0]LogConfig: Setting CVar [[r.TranslucencyLightingVolumeDim:64]]
[2022.12.17-01.01.01:885][  0]LogConfig: Setting CVar [[r.RefractionQuality:2]]
[2022.12.17-01.01.01:885][  0]LogConfig: Setting CVar [[r.SSR.Quality:3]]
[2022.12.17-01.01.01:885][  0]LogConfig: Setting CVar [[r.SSR.HalfResSceneColor:0]]
[2022.12.17-01.01.01:885][  0]LogConfig: Setting CVar [[r.SceneColorFormat:4]]
[2022.12.17-01.01.01:885][  0]LogConfig: Setting CVar [[r.DetailMode:2]]
[2022.12.17-01.01.01:885][  0]LogConfig: Setting CVar [[r.TranslucencyVolumeBlur:1]]
[2022.12.17-01.01.01:885][  0]LogConfig: Setting CVar [[r.MaterialQualityLevel:1 ; High quality]]
[2022.12.17-01.01.01:885][  0]LogConfig: Setting CVar [[r.SSS.Scale:1]]
[2022.12.17-01.01.01:885][  0]LogConfig: Setting CVar [[r.SSS.SampleSet:2]]
[2022.12.17-01.01.01:885][  0]LogConfig: Setting CVar [[r.SSS.Quality:1]]
[2022.12.17-01.01.01:885][  0]LogConfig: Setting CVar [[r.SSS.HalfRes:0]]
[2022.12.17-01.01.01:885][  0]LogConfig: Setting CVar [[r.SSGI.Quality:3]]
[2022.12.17-01.01.01:885][  0]LogConfig: Setting CVar [[r.EmitterSpawnRateScale:1.0]]
[2022.12.17-01.01.01:885][  0]LogConfig: Setting CVar [[r.ParticleLightQuality:2]]
[2022.12.17-01.01.01:885][  0]LogConfig: Setting CVar [[r.SkyAtmosphere.AerialPerspectiveLUT.FastApplyOnOpaque:1 ; Always have FastSkyLUT 1 in this case to avoid wrong sky]]
[2022.12.17-01.01.01:885][  0]LogConfig: Setting CVar [[r.SkyAtmosphere.AerialPerspectiveLUT.SampleCountPerSlice:1]]
[2022.12.17-01.01.01:885][  0]LogConfig: Setting CVar [[r.SkyAtmosphere.AerialPerspectiveLUT.DepthResolution:16.0]]
[2022.12.17-01.01.01:885][  0]LogConfig: Setting CVar [[r.SkyAtmosphere.FastSkyLUT:1]]
[2022.12.17-01.01.01:885][  0]LogConfig: Setting CVar [[r.SkyAtmosphere.FastSkyLUT.SampleCountMin:4.0]]
[2022.12.17-01.01.01:885][  0]LogConfig: Setting CVar [[r.SkyAtmosphere.FastSkyLUT.SampleCountMax:32.0]]
[2022.12.17-01.01.01:885][  0]LogConfig: Setting CVar [[r.SkyAtmosphere.SampleCountMin:4.0]]
[2022.12.17-01.01.01:885][  0]LogConfig: Setting CVar [[r.SkyAtmosphere.SampleCountMax:32.0]]
[2022.12.17-01.01.01:885][  0]LogConfig: Setting CVar [[r.SkyAtmosphere.TransmittanceLUT.UseSmallFormat:0]]
[2022.12.17-01.01.01:885][  0]LogConfig: Setting CVar [[r.SkyAtmosphere.TransmittanceLUT.SampleCount:10.0]]
[2022.12.17-01.01.01:885][  0]LogConfig: Setting CVar [[r.SkyAtmosphere.MultiScatteringLUT.SampleCount:15.0]]
[2022.12.17-01.01.01:885][  0]LogConfig: Applying CVar settings from Section [FoliageQuality@3] File [G:/Documentos/Clientes/StevenJeffRudy/ChatSystem/ChatSystem/Saved/Config/Windows/Scalability.ini]
[2022.12.17-01.01.01:885][  0]LogConfig: Setting CVar [[foliage.DensityScale:1.0]]
[2022.12.17-01.01.01:885][  0]LogConfig: Setting CVar [[grass.DensityScale:1.0]]
[2022.12.17-01.01.01:885][  0]LogConfig: Applying CVar settings from Section [ShadingQuality@3] File [G:/Documentos/Clientes/StevenJeffRudy/ChatSystem/ChatSystem/Saved/Config/Windows/Scalability.ini]
[2022.12.17-01.01.01:885][  0]LogConfig: Setting CVar [[r.HairStrands.SkyLighting.SampleCount:16]]
[2022.12.17-01.01.01:885][  0]LogConfig: Setting CVar [[r.HairStrands.SkyLighting.JitterIntegration:0]]
[2022.12.17-01.01.01:885][  0]LogConfig: Setting CVar [[r.HairStrands.SkyAO.SampleCount:16]]
[2022.12.17-01.01.01:885][  0]LogConfig: Setting CVar [[r.HairStrands.DeepShadow.SuperSampling:0]]
[2022.12.17-01.01.01:885][  0]LogConfig: Setting CVar [[r.HairStrands.VisibilityPPLL:0]]
[2022.12.17-01.01.01:885][  0]LogConfig: Setting CVar [[r.HairStrands.RasterizationScale:0.5]]
[2022.12.17-01.01.01:885][  0]LogConfig: Setting CVar [[r.HairStrands.VelocityRasterizationScale:1]]
[2022.12.17-01.01.01:885][  0]LogInit: Selected Device Profile: [Windows]
[2022.12.17-01.01.01:885][  0]LogInit: Applying CVar settings loaded from the selected device profile: [Windows]
[2022.12.17-01.01.01:885][  0]LogHAL: Display: Platform has ~ 32 GB [34288787456 / 34359738368 / 32], which maps to Largest [LargestMinGB=32, LargerMinGB=12, DefaultMinGB=8, SmallerMinGB=6, SmallestMinGB=0)
[2022.12.17-01.01.01:885][  0]LogInit: Going up to parent DeviceProfile []
[2022.12.17-01.01.01:885][  0]LogConfig: Applying CVar settings from Section [ViewDistanceQuality@3] File [G:/Documentos/Clientes/StevenJeffRudy/ChatSystem/ChatSystem/Saved/Config/Windows/Scalability.ini]
[2022.12.17-01.01.01:885][  0]LogConfig: Setting CVar [[r.SkeletalMeshLODBias:0]]
[2022.12.17-01.01.01:885][  0]LogConfig: Setting CVar [[r.ViewDistanceScale:1.0]]
[2022.12.17-01.01.01:885][  0]LogConfig: Applying CVar settings from Section [AntiAliasingQuality@3] File [G:/Documentos/Clientes/StevenJeffRudy/ChatSystem/ChatSystem/Saved/Config/Windows/Scalability.ini]
[2022.12.17-01.01.01:885][  0]LogConfig: Setting CVar [[r.PostProcessAAQuality:4]]
[2022.12.17-01.01.01:885][  0]LogConfig: Applying CVar settings from Section [ShadowQuality@3] File [G:/Documentos/Clientes/StevenJeffRudy/ChatSystem/ChatSystem/Saved/Config/Windows/Scalability.ini]
[2022.12.17-01.01.01:885][  0]LogConfig: Setting CVar [[r.LightFunctionQuality:1]]
[2022.12.17-01.01.01:886][  0]LogConfig: Setting CVar [[r.ShadowQuality:5]]
[2022.12.17-01.01.01:886][  0]LogConfig: Setting CVar [[r.Shadow.CSM.MaxCascades:10]]
[2022.12.17-01.01.01:886][  0]LogConfig: Setting CVar [[r.Shadow.MaxResolution:2048]]
[2022.12.17-01.01.01:886][  0]LogConfig: Setting CVar [[r.Shadow.MaxCSMResolution:2048]]
[2022.12.17-01.01.01:886][  0]LogConfig: Setting CVar [[r.Shadow.RadiusThreshold:0.01]]
[2022.12.17-01.01.01:886][  0]LogConfig: Setting CVar [[r.Shadow.DistanceScale:1.0]]
[2022.12.17-01.01.01:886][  0]LogConfig: Setting CVar [[r.Shadow.CSM.TransitionScale:1.0]]
[2022.12.17-01.01.01:886][  0]LogConfig: Setting CVar [[r.Shadow.PreShadowResolutionFactor:1.0]]
[2022.12.17-01.01.01:886][  0]LogConfig: Setting CVar [[r.DistanceFieldShadowing:1]]
[2022.12.17-01.01.01:886][  0]LogConfig: Setting CVar [[r.DistanceFieldAO:1]]
[2022.12.17-01.01.01:886][  0]LogConfig: Setting CVar [[r.AOQuality:2]]
[2022.12.17-01.01.01:886][  0]LogConfig: Setting CVar [[r.VolumetricFog:1]]
[2022.12.17-01.01.01:886][  0]LogConfig: Setting CVar [[r.VolumetricFog.GridPixelSize:8]]
[2022.12.17-01.01.01:886][  0]LogConfig: Setting CVar [[r.VolumetricFog.GridSizeZ:128]]
[2022.12.17-01.01.01:886][  0]LogConfig: Setting CVar [[r.VolumetricFog.HistoryMissSupersampleCount:4]]
[2022.12.17-01.01.01:886][  0]LogConfig: Setting CVar [[r.LightMaxDrawDistanceScale:1]]
[2022.12.17-01.01.01:886][  0]LogConfig: Setting CVar [[r.CapsuleShadows:1]]
[2022.12.17-01.01.01:886][  0]LogConfig: Applying CVar settings from Section [PostProcessQuality@3] File [G:/Documentos/Clientes/StevenJeffRudy/ChatSystem/ChatSystem/Saved/Config/Windows/Scalability.ini]
[2022.12.17-01.01.01:886][  0]LogConfig: Setting CVar [[r.MotionBlurQuality:4]]
[2022.12.17-01.01.01:886][  0]LogConfig: Setting CVar [[r.AmbientOcclusionMipLevelFactor:0.4]]
[2022.12.17-01.01.01:886][  0]LogConfig: Setting CVar [[r.AmbientOcclusionMaxQuality:100]]
[2022.12.17-01.01.01:886][  0]LogConfig: Setting CVar [[r.AmbientOcclusionLevels:-1]]
[2022.12.17-01.01.01:886][  0]LogConfig: Setting CVar [[r.AmbientOcclusionRadiusScale:1.0]]
[2022.12.17-01.01.01:886][  0]LogConfig: Setting CVar [[r.DepthOfFieldQuality:2]]
[2022.12.17-01.01.01:886][  0]LogConfig: Setting CVar [[r.RenderTargetPoolMin:400]]
[2022.12.17-01.01.01:886][  0]LogConfig: Setting CVar [[r.LensFlareQuality:2]]
[2022.12.17-01.01.01:886][  0]LogConfig: Setting CVar [[r.SceneColorFringeQuality:1]]
[2022.12.17-01.01.01:886][  0]LogConfig: Setting CVar [[r.EyeAdaptationQuality:2]]
[2022.12.17-01.01.01:886][  0]LogConfig: Setting CVar [[r.BloomQuality:5]]
[2022.12.17-01.01.01:886][  0]LogConfig: Setting CVar [[r.FastBlurThreshold:100]]
[2022.12.17-01.01.01:886][  0]LogConfig: Setting CVar [[r.Upscale.Quality:3]]
[2022.12.17-01.01.01:886][  0]LogConfig: Setting CVar [[r.Tonemapper.GrainQuantization:1]]
[2022.12.17-01.01.01:886][  0]LogConfig: Setting CVar [[r.LightShaftQuality:1]]
[2022.12.17-01.01.01:886][  0]LogConfig: Setting CVar [[r.Filter.SizeScale:1]]
[2022.12.17-01.01.01:886][  0]LogConfig: Setting CVar [[r.Tonemapper.Quality:5]]
[2022.12.17-01.01.01:886][  0]LogConfig: Setting CVar [[r.DOF.Gather.AccumulatorQuality:1        ; higher gathering accumulator quality]]
[2022.12.17-01.01.01:886][  0]LogConfig: Setting CVar [[r.DOF.Gather.PostfilterMethod:1          ; Median3x3 postfilering method]]
[2022.12.17-01.01.01:886][  0]LogConfig: Setting CVar [[r.DOF.Gather.EnableBokehSettings:0       ; no bokeh simulation when gathering]]
[2022.12.17-01.01.01:886][  0]LogConfig: Setting CVar [[r.DOF.Gather.RingCount:4                 ; medium number of samples when gathering]]
[2022.12.17-01.01.01:886][  0]LogConfig: Setting CVar [[r.DOF.Scatter.ForegroundCompositing:1    ; additive foreground scattering]]
[2022.12.17-01.01.01:886][  0]LogConfig: Setting CVar [[r.DOF.Scatter.BackgroundCompositing:2    ; additive background scattering]]
[2022.12.17-01.01.01:886][  0]LogConfig: Setting CVar [[r.DOF.Scatter.EnableBokehSettings:1      ; bokeh simulation when scattering]]
[2022.12.17-01.01.01:886][  0]LogConfig: Setting CVar [[r.DOF.Scatter.MaxSpriteRatio:0.1         ; only a maximum of 10% of scattered bokeh]]
[2022.12.17-01.01.01:886][  0]LogConfig: Setting CVar [[r.DOF.Recombine.Quality:1                ; cheap slight out of focus]]
[2022.12.17-01.01.01:886][  0]LogConfig: Setting CVar [[r.DOF.Recombine.EnableBokehSettings:0    ; no bokeh simulation on slight out of focus]]
[2022.12.17-01.01.01:886][  0]LogConfig: Setting CVar [[r.DOF.TemporalAAQuality:1                ; more stable temporal accumulation]]
[2022.12.17-01.01.01:886][  0]LogConfig: Setting CVar [[r.DOF.Kernel.MaxForegroundRadius:0.025]]
[2022.12.17-01.01.01:886][  0]LogConfig: Setting CVar [[r.DOF.Kernel.MaxBackgroundRadius:0.025]]
[2022.12.17-01.01.01:886][  0]LogConfig: Applying CVar settings from Section [TextureQuality@3] File [G:/Documentos/Clientes/StevenJeffRudy/ChatSystem/ChatSystem/Saved/Config/Windows/Scalability.ini]
[2022.12.17-01.01.01:886][  0]LogConfig: Setting CVar [[r.Streaming.MipBias:0]]
[2022.12.17-01.01.01:886][  0]LogConfig: Setting CVar [[r.Streaming.AmortizeCPUToGPUCopy:0]]
[2022.12.17-01.01.01:886][  0]LogConfig: Setting CVar [[r.Streaming.MaxNumTexturesToStreamPerFrame:0]]
[2022.12.17-01.01.01:886][  0]LogConfig: Setting CVar [[r.Streaming.Boost:1]]
[2022.12.17-01.01.01:886][  0]LogConfig: Setting CVar [[r.MaxAnisotropy:8]]
[2022.12.17-01.01.01:886][  0]LogConfig: Setting CVar [[r.VT.MaxAnisotropy:8]]
[2022.12.17-01.01.01:886][  0]LogConfig: Setting CVar [[r.Streaming.LimitPoolSizeToVRAM:0]]
[2022.12.17-01.01.01:886][  0]LogConfig: Setting CVar [[r.Streaming.PoolSize:1000]]
[2022.12.17-01.01.01:886][  0]LogConfig: Setting CVar [[r.Streaming.MaxEffectiveScreenSize:0]]
[2022.12.17-01.01.01:886][  0]LogConfig: Applying CVar settings from Section [EffectsQuality@3] File [G:/Documentos/Clientes/StevenJeffRudy/ChatSystem/ChatSystem/Saved/Config/Windows/Scalability.ini]
[2022.12.17-01.01.01:886][  0]LogConfig: Setting CVar [[r.TranslucencyLightingVolumeDim:64]]
[2022.12.17-01.01.01:886][  0]LogConfig: Setting CVar [[r.RefractionQuality:2]]
[2022.12.17-01.01.01:886][  0]LogConfig: Setting CVar [[r.SSR.Quality:3]]
[2022.12.17-01.01.01:886][  0]LogConfig: Setting CVar [[r.SSR.HalfResSceneColor:0]]
[2022.12.17-01.01.01:886][  0]LogConfig: Setting CVar [[r.SceneColorFormat:4]]
[2022.12.17-01.01.01:887][  0]LogConfig: Setting CVar [[r.DetailMode:2]]
[2022.12.17-01.01.01:887][  0]LogConfig: Setting CVar [[r.TranslucencyVolumeBlur:1]]
[2022.12.17-01.01.01:887][  0]LogConfig: Setting CVar [[r.MaterialQualityLevel:1 ; High quality]]
[2022.12.17-01.01.01:887][  0]LogConfig: Setting CVar [[r.SSS.Scale:1]]
[2022.12.17-01.01.01:887][  0]LogConfig: Setting CVar [[r.SSS.SampleSet:2]]
[2022.12.17-01.01.01:887][  0]LogConfig: Setting CVar [[r.SSS.Quality:1]]
[2022.12.17-01.01.01:887][  0]LogConfig: Setting CVar [[r.SSS.HalfRes:0]]
[2022.12.17-01.01.01:887][  0]LogConfig: Setting CVar [[r.SSGI.Quality:3]]
[2022.12.17-01.01.01:887][  0]LogConfig: Setting CVar [[r.EmitterSpawnRateScale:1.0]]
[2022.12.17-01.01.01:887][  0]LogConfig: Setting CVar [[r.ParticleLightQuality:2]]
[2022.12.17-01.01.01:887][  0]LogConfig: Setting CVar [[r.SkyAtmosphere.AerialPerspectiveLUT.FastApplyOnOpaque:1 ; Always have FastSkyLUT 1 in this case to avoid wrong sky]]
[2022.12.17-01.01.01:887][  0]LogConfig: Setting CVar [[r.SkyAtmosphere.AerialPerspectiveLUT.SampleCountPerSlice:1]]
[2022.12.17-01.01.01:887][  0]LogConfig: Setting CVar [[r.SkyAtmosphere.AerialPerspectiveLUT.DepthResolution:16.0]]
[2022.12.17-01.01.01:887][  0]LogConfig: Setting CVar [[r.SkyAtmosphere.FastSkyLUT:1]]
[2022.12.17-01.01.01:887][  0]LogConfig: Setting CVar [[r.SkyAtmosphere.FastSkyLUT.SampleCountMin:4.0]]
[2022.12.17-01.01.01:887][  0]LogConfig: Setting CVar [[r.SkyAtmosphere.FastSkyLUT.SampleCountMax:32.0]]
[2022.12.17-01.01.01:887][  0]LogConfig: Setting CVar [[r.SkyAtmosphere.SampleCountMin:4.0]]
[2022.12.17-01.01.01:887][  0]LogConfig: Setting CVar [[r.SkyAtmosphere.SampleCountMax:32.0]]
[2022.12.17-01.01.01:887][  0]LogConfig: Setting CVar [[r.SkyAtmosphere.TransmittanceLUT.UseSmallFormat:0]]
[2022.12.17-01.01.01:887][  0]LogConfig: Setting CVar [[r.SkyAtmosphere.TransmittanceLUT.SampleCount:10.0]]
[2022.12.17-01.01.01:887][  0]LogConfig: Setting CVar [[r.SkyAtmosphere.MultiScatteringLUT.SampleCount:15.0]]
[2022.12.17-01.01.01:887][  0]LogConfig: Applying CVar settings from Section [FoliageQuality@3] File [G:/Documentos/Clientes/StevenJeffRudy/ChatSystem/ChatSystem/Saved/Config/Windows/Scalability.ini]
[2022.12.17-01.01.01:887][  0]LogConfig: Setting CVar [[foliage.DensityScale:1.0]]
[2022.12.17-01.01.01:887][  0]LogConfig: Setting CVar [[grass.DensityScale:1.0]]
[2022.12.17-01.01.01:887][  0]LogConfig: Applying CVar settings from Section [ShadingQuality@3] File [G:/Documentos/Clientes/StevenJeffRudy/ChatSystem/ChatSystem/Saved/Config/Windows/Scalability.ini]
[2022.12.17-01.01.01:887][  0]LogConfig: Setting CVar [[r.HairStrands.SkyLighting.SampleCount:16]]
[2022.12.17-01.01.01:887][  0]LogConfig: Setting CVar [[r.HairStrands.SkyLighting.JitterIntegration:0]]
[2022.12.17-01.01.01:887][  0]LogConfig: Setting CVar [[r.HairStrands.SkyAO.SampleCount:16]]
[2022.12.17-01.01.01:887][  0]LogConfig: Setting CVar [[r.HairStrands.DeepShadow.SuperSampling:0]]
[2022.12.17-01.01.01:887][  0]LogConfig: Setting CVar [[r.HairStrands.VisibilityPPLL:0]]
[2022.12.17-01.01.01:887][  0]LogConfig: Setting CVar [[r.HairStrands.RasterizationScale:0.5]]
[2022.12.17-01.01.01:887][  0]LogConfig: Setting CVar [[r.HairStrands.VelocityRasterizationScale:1]]
[2022.12.17-01.01.01:887][  0]LogConfig: Applying CVar settings from Section [Startup] File [../../../Engine/Config/ConsoleVariables.ini]
[2022.12.17-01.01.01:888][  0]LogConfig: Setting CVar [[net.UseAdaptiveNetUpdateFrequency:0]]
[2022.12.17-01.01.01:889][  0]LogConfig: Setting CVar [[p.chaos.AllowCreatePhysxBodies:1]]
[2022.12.17-01.01.01:889][  0]LogConfig: Setting CVar [[fx.SkipVectorVMBackendOptimizations:1]]
[2022.12.17-01.01.01:889][  0]LogConfig: Applying CVar settings from Section [ConsoleVariables] File [G:/Documentos/Clientes/StevenJeffRudy/ChatSystem/ChatSystem/Saved/Config/Windows/Engine.ini]
[2022.12.17-01.01.01:889][  0]LogInit: Computer: DESKTOP-V9EJUB5
[2022.12.17-01.01.01:889][  0]LogInit: User: gdlc1
[2022.12.17-01.01.01:889][  0]LogInit: CPU Page size=4096, Cores=6
[2022.12.17-01.01.01:889][  0]LogInit: High frequency timer resolution =10.000000 MHz
[2022.12.17-01.01.01:889][  0]LogMemory: Memory total: Physical=31.9GB (32GB approx)
[2022.12.17-01.01.01:889][  0]LogMemory: Platform Memory Stats for Windows
[2022.12.17-01.01.01:889][  0]LogMemory: Process Physical Memory: 115.35 MB used, 115.35 MB peak
[2022.12.17-01.01.01:889][  0]LogMemory: Process Virtual Memory: 103.77 MB used, 103.77 MB peak
[2022.12.17-01.01.01:889][  0]LogMemory: Physical Memory: 16276.50 MB used,  16423.84 MB free, 32700.34 MB total
[2022.12.17-01.01.01:889][  0]LogMemory: Virtual Memory: 5137.13 MB used,  134212592.00 MB free, 134217728.00 MB total
[2022.12.17-01.01.01:898][  0]LogWindows: WindowsPlatformFeatures disabled or dedicated server build
[2022.12.17-01.01.01:959][  0]LogInit: Physics initialised using underlying interface: PhysX
[2022.12.17-01.01.01:960][  0]LogInit: Using OS detected language (es-MX).
[2022.12.17-01.01.01:960][  0]LogInit: Using OS detected locale (en-US).
[2022.12.17-01.01.01:963][  0]LogTextLocalizationResource: LocRes '../../../Engine/Content/Localization/Editor/es-MX/Editor.locres' could not be opened for reading!
[2022.12.17-01.01.01:963][  0]LogTextLocalizationResource: LocRes '../../../Engine/Content/Localization/EditorTutorials/es-MX/EditorTutorials.locres' could not be opened for reading!
[2022.12.17-01.01.01:964][  0]LogTextLocalizationResource: LocRes '../../../Engine/Content/Localization/Keywords/es-MX/Keywords.locres' could not be opened for reading!
[2022.12.17-01.01.01:964][  0]LogTextLocalizationResource: LocRes '../../../Engine/Content/Localization/Category/es-MX/Category.locres' could not be opened for reading!
[2022.12.17-01.01.01:964][  0]LogTextLocalizationResource: LocRes '../../../Engine/Content/Localization/ToolTips/es-MX/ToolTips.locres' could not be opened for reading!
[2022.12.17-01.01.01:964][  0]LogTextLocalizationResource: LocRes '../../../Engine/Content/Localization/PropertyNames/es-MX/PropertyNames.locres' could not be opened for reading!
[2022.12.17-01.01.01:964][  0]LogTextLocalizationResource: LocRes '../../../Engine/Content/Localization/Engine/es-MX/Engine.locres' could not be opened for reading!
[2022.12.17-01.01.01:964][  0]LogTextLocalizationResource: LocRes '../../../Engine/Plugins/Online/Android/OnlineSubsystemGooglePlay/Content/Localization/OnlineSubsystemGooglePlay/es-MX/OnlineSubsystemGooglePlay.locres' could not be opened for reading!
[2022.12.17-01.01.01:964][  0]LogTextLocalizationResource: LocRes '../../../Engine/Plugins/Online/IOS/OnlineSubsystemIOS/Content/Localization/OnlineSubsystemIOS/es-MX/OnlineSubsystemIOS.locres' could not be opened for reading!
[2022.12.17-01.01.01:973][  0]LogTextLocalizationResource: LocRes '../../../Engine/Plugins/Online/OnlineSubsystemUtils/Content/Localization/OnlineSubsystemUtils/es-MX/OnlineSubsystemUtils.locres' could not be opened for reading!
[2022.12.17-01.01.02:682][  0]LogTargetPlatformManager: Display: Loaded TargetPlatform 'WindowsNoEditor'
[2022.12.17-01.01.02:690][  0]LogTargetPlatformManager: Display: Loaded TargetPlatform 'Windows'
[2022.12.17-01.01.02:706][  0]LogTargetPlatformManager: Display: Loaded TargetPlatform 'WindowsClient'
[2022.12.17-01.01.02:722][  0]LogTargetPlatformManager: Display: Loaded TargetPlatform 'WindowsServer'
[2022.12.17-01.01.02:722][  0]LogTargetPlatformManager: Display: Building Assets For Windows
[2022.12.17-01.01.02:733][  0]LogAudioDebug: Display: Lib vorbis DLL was dynamically loaded.
[2022.12.17-01.01.02:815][  0]LogShaderCompilers: Guid format shader working directory is -14 characters bigger than the processId version (G:/Documentos/Clientes/StevenJeffRudy/ChatSystem/ChatSystem/Intermediate/Shaders/WorkingDirectory/13780/).
[2022.12.17-01.01.02:816][  0]LogShaderCompilers: Cleaned the shader compiler working directory 'C:/Users/gdlc1/AppData/Local/Temp/UnrealShaderWorkingDir/F4C191A34839D6792EA8C191046CC5EC/'.
[2022.12.17-01.01.02:816][  0]LogXGEController: Cannot use XGE Controller as Incredibuild is not installed on this machine.
[2022.12.17-01.01.02:816][  0]LogShaderCompilers: Cannot use XGE Shader Compiler as Incredibuild is not installed on this machine.
[2022.12.17-01.01.02:816][  0]LogShaderCompilers: Display: Using Local Shader Compiler.
[2022.12.17-01.01.03:430][  0]LogDerivedDataCache: Display: Max Cache Size: 512 MB
[2022.12.17-01.01.03:521][  0]LogDerivedDataCache: Loaded boot cache 0.09s 79MB C:/Users/gdlc1/AppData/Local/UnrealEngine/4.25/DerivedDataCache/Boot.ddc.
[2022.12.17-01.01.03:521][  0]LogDerivedDataCache: Display: Loaded Boot cache: C:/Users/gdlc1/AppData/Local/UnrealEngine/4.25/DerivedDataCache/Boot.ddc
[2022.12.17-01.01.03:521][  0]LogDerivedDataCache: FDerivedDataBackendGraph:  Pak pak cache file G:/Documentos/Clientes/StevenJeffRudy/ChatSystem/ChatSystem/DerivedDataCache/DDC.ddp not found, will not use a pak cache.
[2022.12.17-01.01.03:521][  0]LogDerivedDataCache: Unable to find inner node Pak for hierarchical cache Hierarchy.
[2022.12.17-01.01.03:521][  0]LogDerivedDataCache: FDerivedDataBackendGraph:  CompressedPak pak cache file G:/Documentos/Clientes/StevenJeffRudy/ChatSystem/ChatSystem/DerivedDataCache/Compressed.ddp not found, will not use a pak cache.
[2022.12.17-01.01.03:521][  0]LogDerivedDataCache: Unable to find inner node CompressedPak for hierarchical cache Hierarchy.
[2022.12.17-01.01.03:536][  0]LogDerivedDataCache: Display: Pak cache opened for reading ../../../Engine/DerivedDataCache/Compressed.ddp.
[2022.12.17-01.01.03:536][  0]LogDerivedDataCache: FDerivedDataBackendGraph:  EnterprisePak pak cache file ../../../Enterprise/DerivedDataCache/Compressed.ddp not found, will not use a pak cache.
[2022.12.17-01.01.03:536][  0]LogDerivedDataCache: Unable to find inner node EnterprisePak for hierarchical cache Hierarchy.
[2022.12.17-01.01.03:538][  0]LogDerivedDataCache: Using Local data cache path C:/Users/gdlc1/AppData/Local/UnrealEngine/Common/DerivedDataCache: Writable
[2022.12.17-01.01.03:538][  0]LogDerivedDataCache: Shared data cache path not found in *engine.ini, will not use an Shared cache.
[2022.12.17-01.01.03:538][  0]LogDerivedDataCache: Unable to find inner node Shared for hierarchical cache Hierarchy.
[2022.12.17-01.01.03:541][  0]LogInit: Using OS detected language (es-MX).
[2022.12.17-01.01.03:541][  0]LogInit: Using OS detected locale (en-US).
[2022.12.17-01.01.03:541][  0]LogTextLocalizationManager: No localization for 'es-MX' exists, so 'en' will be used for the language.
[2022.12.17-01.01.03:541][  0]LogTextLocalizationManager: No localization for 'en-US' exists, so 'en' will be used for the locale.
[2022.12.17-01.01.03:542][  0]LogTextLocalizationManager: Compacting localization data took   0.00ms
[2022.12.17-01.01.03:547][  0]LogAssetRegistry: FAssetRegistry took 0.0031 seconds to start up
[2022.12.17-01.01.03:792][  0]LogPackageLocalizationCache: Processed 21 localized package path(s) for 1 prioritized culture(s) in 0.001038 seconds
[2022.12.17-01.01.03:852][  0]LogInit: Selected Device Profile: [Windows]
[2022.12.17-01.01.03:897][  0]LogMeshReduction: Using QuadricMeshReduction for automatic static mesh reduction
[2022.12.17-01.01.03:898][  0]LogMeshReduction: Using SimplygonMeshReduction for automatic skeletal mesh reduction
[2022.12.17-01.01.03:898][  0]LogMeshReduction: Using ProxyLODMeshReduction for automatic mesh merging
[2022.12.17-01.01.03:898][  0]LogMeshReduction: No distributed automatic mesh merging module available
[2022.12.17-01.01.03:898][  0]LogMeshMerging: No distributed automatic mesh merging module available
[2022.12.17-01.01.03:916][  0]LogNetVersion: ChatSystem 1.0.0, NetCL: 13144385, EngineNetVer: 14, GameNetVer: 0 (Checksum: 3956846727)
[2022.12.17-01.01.04:035][  0]LogAISub: UAISubsystem::UAISubsystem AISubsystem (000001F543F1F440), frame # 0
[2022.12.17-01.01.04:035][  0]LogAISub: UAISubsystem::UAISubsystem AIPerceptionSystem (000001F543F20180), frame # 0
[2022.12.17-01.01.04:037][  0]LogAISub: UAISubsystem::UAISubsystem EnvQueryManager (000001F543EEBE00), frame # 0
[2022.12.17-01.01.04:125][  0]LogCollectionManager: Loaded 0 collections in 0.000861 seconds
[2022.12.17-01.01.04:131][  0]LogFileCache: Scanning file cache for directory 'G:/Documentos/Clientes/StevenJeffRudy/ChatSystem/ChatSystem/Saved/Collections/' took 0.00s
[2022.12.17-01.01.04:131][  0]LogFileCache: Scanning file cache for directory 'G:/Documentos/Clientes/StevenJeffRudy/ChatSystem/ChatSystem/Content/Developers/gdlc1/Collections/' took 0.00s
[2022.12.17-01.01.04:131][  0]LogFileCache: Scanning file cache for directory 'G:/Documentos/Clientes/StevenJeffRudy/ChatSystem/ChatSystem/Content/Collections/' took 0.00s
[2022.12.17-01.01.04:131][  0]LogCollectionManager: Fixed up redirectors for 0 collections in 0.000005 seconds (updated 0 objects)
[2022.12.17-01.01.04:386][  0]LogTcpMessaging: Initializing TcpMessaging bridge
[2022.12.17-01.01.04:391][  0]LogUdpMessaging: Initializing bridge on interface 0.0.0.0:0 to multicast group 230.0.0.1:6666.
[2022.12.17-01.01.04:637][  0]SourceControl: El control de código fuente está desactivado
[2022.12.17-01.01.04:637][  0]SourceControl: El control de código fuente está desactivado
[2022.12.17-01.01.04:648][  0]SourceControl: El control de código fuente está desactivado
[2022.12.17-01.01.04:813][  0]LogAndroidPermission: UAndroidPermissionCallbackProxy::GetInstance
[2022.12.17-01.01.04:835][  0]LogAudioCaptureCore: Display: No Audio Capture implementations found. Audio input will be silent.
[2022.12.17-01.01.04:836][  0]LogAudioCaptureCore: Display: No Audio Capture implementations found. Audio input will be silent.
[2022.12.17-01.01.04:886][  0]LogOcInput: OculusInput pre-init called
[2022.12.17-01.01.04:907][  0]LogUObjectArray: 21432 objects as part of root set at end of initial load.
[2022.12.17-01.01.04:907][  0]LogUObjectAllocator: 5896384 out of 0 bytes used by permanent object pool.
[2022.12.17-01.01.04:907][  0]LogUObjectArray: CloseDisregardForGC: 0/0 objects in disregard for GC pool
[2022.12.17-01.01.04:956][  0]LogEngine: Initializing Engine...
[2022.12.17-01.01.04:957][  0]LogStats: UGameplayTagsManager::InitializeManager -  0.000 s
[2022.12.17-01.01.04:977][  0]LogInit: Initializing FReadOnlyCVARCache
[2022.12.17-01.01.04:978][  0]LogNetVersion: Set ProjectVersion to 1.0.0.0. Version Checksum will be recalculated on next use.
[2022.12.17-01.01.04:981][  0]LogInit: Texture streaming: Disabled
[2022.12.17-01.01.05:015][  0]LogInit: Display: Game Engine Initialized.
[2022.12.17-01.01.05:016][  0]LogNiagaraEditor: Warning: GEditor isn't valid! Particle reset commands will not work for Niagara components!
[2022.12.17-01.01.05:057][  0]LogInit: Display: Starting Game.
[2022.12.17-01.01.05:057][  0]LogNet: Browse: /Game/ThirdPersonCPP/Maps/ThirdPersonExampleMap?Name=Player
[2022.12.17-01.01.05:057][  0]LogLoad: LoadMap: /Game/ThirdPersonCPP/Maps/ThirdPersonExampleMap?Name=Player
[2022.12.17-01.01.05:057][  0]LogWorld: BeginTearingDown for /Temp/Untitled_0
[2022.12.17-01.01.05:058][  0]LogWorld: UWorld::CleanupWorld for Untitled, bSessionEnded=true, bCleanupResources=true
[2022.12.17-01.01.05:069][  0]LogUObjectHash: Compacting FUObjectHashTables data took   0.78ms
[2022.12.17-01.01.05:145][  0]LogAIModule: Creating AISystem for world ThirdPersonExampleMap
[2022.12.17-01.01.05:145][  0]LogAISub: UAISubsystem::UAISubsystem EnvQueryManager (000001F545899000), frame # 0
[2022.12.17-01.01.05:146][  0]LogAISub: UAISubsystem::UAISubsystem AIPerceptionSystem (000001F539AAD300), frame # 0
[2022.12.17-01.01.05:146][  0]LogLoad: Game class is 'ChatSystemGameMode'
[2022.12.17-01.01.05:147][  0]LogNet: ReplicationDriverClass is null! Not using ReplicationDriver.
[2022.12.17-01.01.05:147][  0]LogNetCore: DDoS detection status: detection enabled: 0 analytics enabled: 0
[2022.12.17-01.01.05:147][  0]LogInit: WinSock: Socket queue. Rx: 131072 (config 131072) Tx: 131072 (config 131072)
[2022.12.17-01.01.05:147][  0]LogNet: Created socket for bind address: 0.0.0.0 on port 17777
[2022.12.17-01.01.05:147][  0]PacketHandlerLog: Loaded PacketHandler component: Engine.EngineHandlerComponentFactory (StatelessConnectHandlerComponent)
[2022.12.17-01.01.05:147][  0]LogNet: GameNetDriver IpNetDriver_0 IpNetDriver listening on port 17777
[2022.12.17-01.01.05:150][  0]LogWorld: Bringing World /Game/ThirdPersonCPP/Maps/ThirdPersonExampleMap.ThirdPersonExampleMap up for play (max tick rate 30) at 2022.12.16-22.01.05
[2022.12.17-01.01.05:151][  0]LogWorld: Bringing up level for play took: 0.003460
[2022.12.17-01.01.05:152][  0]LogLoad: Took 0.094638 seconds to LoadMap(/Game/ThirdPersonCPP/Maps/ThirdPersonExampleMap)
[2022.12.17-01.01.05:164][  0]LogLoad: (Engine Initialization) Total time: 5.83 seconds
[2022.12.17-01.01.05:164][  0]LogLoad: (Engine Initialization) Total Blueprint compile time: 0.00 seconds
[2022.12.17-01.01.06:996][ 54]LogNet: NotifyAcceptingConnection accepted from: 127.0.0.1:62807
[2022.12.17-01.01.06:996][ 54]LogHandshake: SendConnectChallenge. Timestamp: 1.831188, Cookie: 080230074161057122192075024025242052247123041129192213061197
[2022.12.17-01.01.07:030][ 55]LogNet: NotifyAcceptingConnection accepted from: 127.0.0.1:62807
[2022.12.17-01.01.07:030][ 55]LogHandshake: SendChallengeAck. InCookie: 080230074161057122192075024025242052247123041129192213061197
[2022.12.17-01.01.07:030][ 55]LogNet: Server accepting post-challenge connection from: 127.0.0.1:62807
[2022.12.17-01.01.07:031][ 55]PacketHandlerLog: Loaded PacketHandler component: Engine.EngineHandlerComponentFactory (StatelessConnectHandlerComponent)
[2022.12.17-01.01.07:031][ 55]LogNet: NotifyAcceptedConnection: Name: ThirdPersonExampleMap, TimeStamp: 12/16/22 22:01:07, [UNetConnection] RemoteAddr: 127.0.0.1:62807, Name: IpConnection_0, Driver: GameNetDriver IpNetDriver_0, IsServer: YES, PC: NULL, Owner: NULL, UniqueId: INVALID
[2022.12.17-01.01.07:031][ 55]LogNet: AddClientConnection: Added client connection: [UNetConnection] RemoteAddr: 127.0.0.1:62807, Name: IpConnection_0, Driver: GameNetDriver IpNetDriver_0, IsServer: YES, PC: NULL, Owner: NULL, UniqueId: INVALID
[2022.12.17-01.01.07:031][ 55]LogNet: NotifyAcceptingChannel Control 0 server World /Game/ThirdPersonCPP/Maps/ThirdPersonExampleMap.ThirdPersonExampleMap: Accepted
[2022.12.17-01.01.07:031][ 55]LogNet: Remote platform little endian=1
[2022.12.17-01.01.07:031][ 55]LogNet: This platform little endian=1
[2022.12.17-01.01.07:031][ 55]LogNetVersion: ChatSystem 1.0.0.0, NetCL: 13144385, EngineNetVer: 14, GameNetVer: 0 (Checksum: 3385227660)
[2022.12.17-01.01.07:064][ 56]LogNet: Login request: ?Name=DESKTOP-V9EJUB5-18C3D66149875AE66A0F34B448A06FD9 userId: NULL:DESKTOP-V9EJUB5-18C3D66149875AE66A0F34B448A06FD9 platform: NULL
[2022.12.17-01.01.07:198][ 60]LogNet: Client netspeed is 10000
[2022.12.17-01.01.07:198][ 60]LogNet: Join request: /Engine/Maps/Entry?Name=DESKTOP-V9EJUB5-18C3D66149875AE66A0F34B448A06FD9?SplitscreenCount=1
[2022.12.17-01.01.07:198][ 60]LogOnlineSession: Warning: OSS: No game present to join for session (GameSession)
[2022.12.17-01.01.07:202][ 60]LogNet: Join succeeded: DESKTOP-V9EJUB5-18C3
[2022.12.17-01.01.20:115][448]LogNet: UNetConnection::Cleanup: Closing open connection. [UNetConnection] RemoteAddr: 127.0.0.1:62807, Name: IpConnection_0, Driver: GameNetDriver IpNetDriver_0, IsServer: YES, PC: PlayerController_0, Owner: PlayerController_0, UniqueId: NULL:DESKTOP-V9EJUB5-18C3D66149875AE66A0F34B448A06FD9
[2022.12.17-01.01.20:115][448]LogNet: UNetConnection::Close: [UNetConnection] RemoteAddr: 127.0.0.1:62807, Name: IpConnection_0, Driver: GameNetDriver IpNetDriver_0, IsServer: YES, PC: PlayerController_0, Owner: PlayerController_0, UniqueId: NULL:DESKTOP-V9EJUB5-18C3D66149875AE66A0F34B448A06FD9, Channels: 10, Time: 2022.12.17-01.01.20
[2022.12.17-01.01.20:115][448]LogNet: UChannel::Close: Sending CloseBunch. ChIndex == 0. Name: [UChannel] ChIndex: 0, Closing: 0 [UNetConnection] RemoteAddr: 127.0.0.1:62807, Name: IpConnection_0, Driver: GameNetDriver IpNetDriver_0, IsServer: YES, PC: PlayerController_0, Owner: PlayerController_0, UniqueId: NULL:DESKTOP-V9EJUB5-18C3D66149875AE66A0F34B448A06FD9
[2022.12.17-01.01.20:115][448]LogOnlineSession: Warning: OSS: No game present to leave for session (GameSession)
