Log file open, 12/16/22 22:01:01
LogInit: Display: Running engine for game: ChatSystem
LogPlatformFile: Not using cached read wrapper
LogTaskGraph: Started task graph with 5 named threads and 35 total threads with 3 sets of task threads.
LogStats: Stats thread started at 0.280090
LogD3D11RHI: Loaded GFSDK_Aftermath_Lib.x64.dll
LogICUInternationalization: ICU TimeZone Detection - Raw Offset: -3:00, Platform Override: ''
LogPluginManager: Mounting plugin Paper2D
LogPluginManager: Mounting plugin AISupport
LogPluginManager: Mounting plugin LightPropagationVolume
LogPluginManager: Mounting plugin CameraShakePreviewer
LogPluginManager: Mounting plugin ActorLayerUtilities
LogPluginManager: Mounting plugin AnimationSharing
LogPluginManager: Mounting plugin CLionSourceCodeAccess
LogPluginManager: Mounting plugin CodeLiteSourceCodeAccess
LogPluginManager: Mounting plugin GitSourceControl
LogPluginManager: Mounting plugin KDevelopSourceCodeAccess
LogPluginManager: Mounting plugin NullSourceCodeAccess
LogPluginManager: Mounting plugin PerforceSourceControl
LogPluginManager: Mounting plugin PlasticSourceControl
LogPluginManager: Mounting plugin RiderLink
LogPluginManager: Mounting plugin RiderSourceCodeAccess
LogPluginManager: Mounting plugin SubversionSourceControl
LogPluginManager: Mounting plugin UObjectPlugin
LogPluginManager: Mounting plugin VisualStudioCodeSourceCodeAccess
LogPluginManager: Mounting plugin VisualStudioSourceCodeAccess
LogPluginManager: Mounting plugin XCodeSourceCodeAccess
LogPluginManager: Mounting plugin AssetManagerEditor
LogPluginManager: Mounting plugin CryptoKeys
LogPluginManager: Mounting plugin CurveEditorTools
LogPluginManager: Mounting plugin DataValidation
LogPluginManager: Mounting plugin EditorScriptingUtilities
LogPluginManager: Mounting plugin FacialAnimation
LogPluginManager: Mounting plugin GameplayTagsEditor
LogPluginManager: Mounting plugin GeometryMode
LogPluginManager: Mounting plugin MacGraphicsSwitching
LogPluginManager: Mounting plugin MaterialAnalyzer
LogPluginManager: Mounting plugin MobileLauncherProfileWizard
LogPluginManager: Mounting plugin PluginBrowser
LogPluginManager: Mounting plugin SpeedTreeImporter
LogPluginManager: Mounting plugin DatasmithContent
LogPluginManager: Mounting plugin VariantManagerContent
LogPluginManager: Mounting plugin AlembicImporter
LogPluginManager: Mounting plugin AutomationUtils
LogPluginManager: Mounting plugin BackChannel
LogPluginManager: Mounting plugin ChaosCloth
LogPluginManager: Mounting plugin ChaosClothEditor
LogPluginManager: Mounting plugin ChaosEditor
LogPluginManager: Mounting plugin ChaosNiagara
LogPluginManager: Mounting plugin ChaosSolverPlugin
LogPluginManager: Mounting plugin CharacterAI
LogPluginManager: Mounting plugin ControlRig
LogPluginManager: Mounting plugin GeometryCache
LogPluginManager: Mounting plugin GeometryCollectionPlugin
LogPluginManager: Mounting plugin GeometryProcessing
LogPluginManager: Mounting plugin PlanarCut
LogPluginManager: Mounting plugin PlatformCrypto
LogPluginManager: Mounting plugin ProxyLODPlugin
LogPluginManager: Mounting plugin SkeletalReduction
LogPluginManager: Mounting plugin Niagara
LogPluginManager: Mounting plugin MagicLeap
LogPluginManager: Mounting plugin MagicLeapLightEstimation
LogPluginManager: Mounting plugin MagicLeapMedia
LogPluginManager: Mounting plugin MagicLeapPassableWorld
LogPluginManager: Mounting plugin MLSDK
LogPluginManager: Mounting plugin DarkerNodes
LogPluginManager: Mounting plugin ElectronicNodes
LogPluginManager: Mounting plugin AndroidMedia
LogPluginManager: Mounting plugin AvfMedia
LogPluginManager: Mounting plugin ImgMedia
LogPluginManager: Mounting plugin MediaCompositing
LogPluginManager: Mounting plugin MediaPlayerEditor
LogPluginManager: Mounting plugin WebMMedia
LogPluginManager: Mounting plugin WmfMedia
LogPluginManager: Mounting plugin MeshPainting
LogPluginManager: Mounting plugin TcpMessaging
LogPluginManager: Mounting plugin UdpMessaging
LogPluginManager: Mounting plugin ActorSequence
LogPluginManager: Mounting plugin LevelSequenceEditor
LogPluginManager: Mounting plugin MatineeToLevelSequence
LogPluginManager: Mounting plugin MovieRenderPipeline
LogPluginManager: Mounting plugin TemplateSequence
LogPluginManager: Mounting plugin NetcodeUnitTest
LogPluginManager: Mounting plugin NUTUnrealEngine4
LogPluginManager: Mounting plugin OnlineSubsystemGooglePlay
LogPluginManager: Mounting plugin OnlineSubsystemIOS
LogPluginManager: Mounting plugin OnlineSubsystem
LogPluginManager: Mounting plugin OnlineSubsystemNull
LogPluginManager: Mounting plugin OnlineSubsystemUtils
LogPluginManager: Mounting plugin LauncherChunkInstaller
LogPluginManager: Mounting plugin AndroidDeviceProfileSelector
LogPluginManager: Mounting plugin AndroidMoviePlayer
LogPluginManager: Mounting plugin AndroidPermission
LogPluginManager: Mounting plugin AppleImageUtils
LogPluginManager: Mounting plugin AppleMoviePlayer
LogPluginManager: Mounting plugin ArchVisCharacter
LogPluginManager: Mounting plugin AssetTags
LogPluginManager: Mounting plugin AudioCapture
LogPluginManager: Mounting plugin CableComponent
LogPluginManager: Mounting plugin CustomMeshComponent
LogPluginManager: Mounting plugin EditableMesh
LogPluginManager: Mounting plugin ExampleDeviceProfileSelector
LogPluginManager: Mounting plugin GoogleCloudMessaging
LogPluginManager: Mounting plugin GooglePAD
LogPluginManager: Mounting plugin IOSDeviceProfileSelector
LogPluginManager: Mounting plugin LinuxDeviceProfileSelector
LogPluginManager: Mounting plugin LocationServicesBPLibrary
LogPluginManager: Mounting plugin MobilePatchingUtils
LogPluginManager: Mounting plugin OculusVR
LogPluginManager: Mounting plugin PhysXVehicles
LogPluginManager: Mounting plugin PostSplashScreen
LogPluginManager: Mounting plugin ProceduralMeshComponent
LogPluginManager: Mounting plugin RuntimePhysXCooking
LogPluginManager: Mounting plugin SignificanceManager
LogPluginManager: Mounting plugin SoundFields
LogPluginManager: Mounting plugin SteamVR
LogPluginManager: Mounting plugin Synthesis
LogPluginManager: Mounting plugin WebMMoviePlayer
LogPluginManager: Mounting plugin WindowsMoviePlayer
LogPluginManager: Mounting plugin ScreenshotTools
LogInit: Using libcurl 7.55.1-DEV
LogInit:  - built for x86_64-pc-win32
LogInit:  - supports SSL with OpenSSL/1.1.1
LogInit:  - supports HTTP deflate (compression) using libz 1.2.8
LogInit:  - other features:
LogInit:      CURL_VERSION_SSL
LogInit:      CURL_VERSION_LIBZ
LogInit:      CURL_VERSION_IPV6
LogInit:      CURL_VERSION_ASYNCHDNS
LogInit:      CURL_VERSION_LARGEFILE
LogInit:      CURL_VERSION_IDN
LogInit:  CurlRequestOptions (configurable via config and command line):
LogInit:  - bVerifyPeer = true  - Libcurl will verify peer certificate
LogInit:  - bUseHttpProxy = false  - Libcurl will NOT use HTTP proxy
LogInit:  - bDontReuseConnections = false  - Libcurl will reuse connections
LogInit:  - MaxHostConnections = 16  - Libcurl will limit the number of connections to a host
LogInit:  - LocalHostAddr = Default
LogInit:  - BufferSize = 65536
LogOnline: OSS: Creating online subsystem instance for: NULL
LogInit: WinSock: version 1.1 (2.2), MaxSocks=32767, MaxUdp=65467
LogOnline: OSS: TryLoadSubsystemAndSetDefault: Loaded subsystem for module [NULL]
LogInit: Build: ++UE4+Release-4.25-CL-14469661
LogInit: Engine Version: 4.25.4-14469661+++UE4+Release-4.25
LogInit: Compatible Engine Version: 4.25.0-13144385+++UE4+Release-4.25
LogInit: Net CL: 13144385
LogInit: OS: Windows 10 (Release 2009) (), CPU: AMD Ryzen 5 2600 Six-Core Processor            , GPU: NVIDIA GeForce RTX 2060
LogInit: Compiled (64-bit): Oct 11 2020 08:10:49
LogInit: Compiled with Visual C++: 19.24.28315.00
LogInit: Build Configuration: Development
LogInit: Branch Name: ++UE4+Release-4.25
LogInit: Command Line:  127.0.0.1:17777 -game -PIEVIACONSOLE -Multiprocess GameUserSettingsINI=G:/Documentos/Clientes/StevenJeffRudy/ChatSystem/ChatSystem/Saved/Config/Windows/PIEGameUserSettings0.ini -MultiprocessSaveConfig -MultiprocessOSS -messaging -SessionName="Play in Standalone Game" -windowed -ResX=1280 -ResY=720
LogInit: Base Directory: F:/Program Files/Epic Games/UE_4.25/Engine/Binaries/Win64/
LogInit: Allocator: TBB
LogInit: Installed Engine Build: 1
LogDevObjectVersion: Number of dev versions registered: 26
LogDevObjectVersion:   Dev-Blueprints (B0D832E4-1F89-4F0D-ACCF-7EB736FD4AA2): 10
LogDevObjectVersion:   Dev-Build (E1C64328-A22C-4D53-A36C-8E866417BD8C): 0
LogDevObjectVersion:   Dev-Core (375EC13C-06E4-48FB-B500-84F0262A717E): 4
LogDevObjectVersion:   Dev-Editor (E4B068ED-F494-42E9-A231-DA0B2E46BB41): 38
LogDevObjectVersion:   Dev-Framework (CFFC743F-43B0-4480-9391-14DF171D2073): 37
LogDevObjectVersion:   Dev-Mobile (B02B49B5-BB20-44E9-A304-32B752E40360): 2
LogDevObjectVersion:   Dev-Networking (A4E4105C-59A1-49B5-A7C5-40C4547EDFEE): 0
LogDevObjectVersion:   Dev-Online (39C831C9-5AE6-47DC-9A44-9C173E1C8E7C): 0
LogDevObjectVersion:   Dev-Physics (78F01B33-EBEA-4F98-B9B4-84EACCB95AA2): 4
LogDevObjectVersion:   Dev-Platform (6631380F-2D4D-43E0-8009-CF276956A95A): 0
LogDevObjectVersion:   Dev-Rendering (12F88B9F-8875-4AFC-A67C-D90C383ABD29): 43
LogDevObjectVersion:   Dev-Sequencer (7B5AE74C-D270-4C10-A958-57980B212A5A): 12
LogDevObjectVersion:   Dev-VR (D7296918-1DD6-4BDD-9DE2-64A83CC13884): 3
LogDevObjectVersion:   Dev-LoadTimes (C2A15278-BFE7-4AFE-6C17-90FF531DF755): 1
LogDevObjectVersion:   Private-Geometry (6EACA3D4-40EC-4CC1-B786-8BED09428FC5): 3
LogDevObjectVersion:   Dev-AnimPhys (29E575DD-E0A3-4627-9D10-D276232CDCEA): 17
LogDevObjectVersion:   Dev-Anim (AF43A65D-7FD3-4947-9873-3E8ED9C1BB05): 7
LogDevObjectVersion:   Dev-ReflectionCapture (6B266CEC-1EC7-4B8F-A30B-E4D90942FC07): 1
LogDevObjectVersion:   Dev-Automation (0DF73D61-A23F-47EA-B727-89E90C41499A): 1
LogDevObjectVersion:   FortniteMain (601D1886-AC64-4F84-AA16-D3DE0DEAC7D6): 31
LogDevObjectVersion:   Dev-Enterprise (9DFFBCD6-494F-0158-E221-12823C92A888): 10
LogDevObjectVersion:   Dev-Niagara (F2AED0AC-9AFE-416F-8664-AA7FFA26D6FC): 1
LogDevObjectVersion:   Dev-Destruction (174F1F0B-B4C6-45A5-B13F-2EE8D0FB917D): 10
LogDevObjectVersion:   Dev-Physics-Ext (35F94A83-E258-406C-A318-09F59610247C): 37
LogDevObjectVersion:   Dev-PhysicsMaterial-Chaos (B68FC16E-8B1B-42E2-B453-215C058844FE): 1
LogDevObjectVersion:   Dev-CineCamera (B2E18506-4273-CFC2-A54E-F4BB758BBA07): 1
LogInit: Presizing for max 25165824 objects, including 0 objects not considered by GC, pre-allocating 0 bytes for permanent pool.
LogConfig: Applying CVar settings from Section [/Script/Engine.StreamingSettings] File [G:/Documentos/Clientes/StevenJeffRudy/ChatSystem/ChatSystem/Saved/Config/Windows/Engine.ini]
LogConfig: Setting CVar [[s.MinBulkDataSizeForAsyncLoading:131072]]
LogConfig: Setting CVar [[s.AsyncLoadingThreadEnabled:0]]
LogConfig: Setting CVar [[s.EventDrivenLoaderEnabled:1]]
LogConfig: Setting CVar [[s.WarnIfTimeLimitExceeded:0]]
LogConfig: Setting CVar [[s.TimeLimitExceededMultiplier:1.5]]
LogConfig: Setting CVar [[s.TimeLimitExceededMinTime:0.005]]
LogConfig: Setting CVar [[s.UseBackgroundLevelStreaming:1]]
LogConfig: Setting CVar [[s.PriorityAsyncLoadingExtraTime:15.0]]
LogConfig: Setting CVar [[s.LevelStreamingActorsUpdateTimeLimit:5.0]]
LogConfig: Setting CVar [[s.PriorityLevelStreamingActorsUpdateExtraTime:5.0]]
LogConfig: Setting CVar [[s.LevelStreamingComponentsRegistrationGranularity:10]]
LogConfig: Setting CVar [[s.UnregisterComponentsTimeLimit:1.0]]
LogConfig: Setting CVar [[s.LevelStreamingComponentsUnregistrationGranularity:5]]
LogConfig: Setting CVar [[s.FlushStreamingOnExit:1]]
LogInit: Object subsystem initialized
LogConfig: Setting CVar [[con.DebugEarlyDefault:1]]
LogConfig: Setting CVar [[r.setres:1280x720]]
[2022.12.17-01.01.01:888][  0]LogConfig: Setting CVar [[con.DebugEarlyDefault:1]]
[2022.12.17-01.01.01:888][  0]LogConfig: Setting CVar [[r.setres:1280x720]]
[2022.12.17-01.01.01:888][  0]LogConfig: Applying CVar settings from Section [/Script/Engine.RendererSettings] File [G:/Documentos/Clientes/StevenJeffRudy/ChatSystem/ChatSystem/Saved/Config/Windows/Engine.ini]
[2022.12.17-01.01.01:888][  0]LogConfig: Setting CVar [[r.GPUCrashDebugging:0]]
[2022.12.17-01.01.01:888][  0]LogConfig: Applying CVar settings from Section [/Script/Engine.RendererOverrideSettings] File [G:/Documentos/Clientes/StevenJeffRudy/ChatSystem/ChatSystem/Saved/Config/Windows/Engine.ini]
[2022.12.17-01.01.01:888][  0]LogConfig: Applying CVar settings from Section [/Script/Engine.StreamingSettings] File [G:/Documentos/Clientes/StevenJeffRudy/ChatSystem/ChatSystem/Saved/Config/Windows/Engine.ini]
[2022.12.17-01.01.01:888][  0]LogConfig: Setting CVar [[s.MinBulkDataSizeForAsyncLoading:131072]]
[2022.12.17-01.01.01:888][  0]LogConfig: Setting CVar [[s.AsyncLoadingThreadEnabled:0]]
[2022.12.17-01.01.01:888][  0]LogConfig: Setting CVar [[s.EventDrivenLoaderEnabled:1]]
[2022.12.17-01.01.01:888][  0]LogConfig: Setting CVar [[s.WarnIfTimeLimitExceeded:0]]
[2022.12.17-01.01.01:888][  0]LogConfig: Setting CVar [[s.TimeLimitExceededMultiplier:1.5]]
[2022.12.17-01.01.01:888][  0]LogConfig: Setting CVar [[s.TimeLimitExceededMinTime:0.005]]
[2022.12.17-01.01.01:888][  0]LogConfig: Setting CVar [[s.UseBackgroundLevelStreaming:1]]
[2022.12.17-01.01.01:888][  0]LogConfig: Setting CVar [[s.PriorityAsyncLoadingExtraTime:15.0]]
[2022.12.17-01.01.01:888][  0]LogConfig: Setting CVar [[s.LevelStreamingActorsUpdateTimeLimit:5.0]]
[2022.12.17-01.01.01:888][  0]LogConfig: Setting CVar [[s.PriorityLevelStreamingActorsUpdateExtraTime:5.0]]
[2022.12.17-01.01.01:888][  0]LogConfig: Setting CVar [[s.LevelStreamingComponentsRegistrationGranularity:10]]
[2022.12.17-01.01.01:888][  0]LogConfig: Setting CVar [[s.UnregisterComponentsTimeLimit:1.0]]
[2022.12.17-01.01.01:888][  0]LogConfig: Setting CVar [[s.LevelStreamingComponentsUnregistrationGranularity:5]]
[2022.12.17-01.01.01:888][  0]LogConfig: Setting CVar [[s.FlushStreamingOnExit:1]]
[2022.12.17-01.01.01:888][  0]LogConfig: Applying CVar settings from Section [/Script/Engine.GarbageCollectionSettings] File [G:/Documentos/Clientes/StevenJeffRudy/ChatSystem/ChatSystem/Saved/Config/Windows/Engine.ini]
[2022.12.17-01.01.01:888][  0]LogConfig: Setting CVar [[gc.MaxObjectsNotConsideredByGC:1]]
[2022.12.17-01.01.01:888][  0]LogConfig: Setting CVar [[gc.SizeOfPermanentObjectPool:0]]
[2022.12.17-01.01.01:888][  0]LogConfig: Setting CVar [[gc.FlushStreamingOnGC:0]]
[2022.12.17-01.01.01:888][  0]LogConfig: Setting CVar [[gc.NumRetriesBeforeForcingGC:10]]
[2022.12.17-01.01.01:888][  0]LogConfig: Setting CVar [[gc.AllowParallelGC:1]]
[2022.12.17-01.01.01:888][  0]LogConfig: Setting CVar [[gc.TimeBetweenPurgingPendingKillObjects:61.1]]
[2022.12.17-01.01.01:888][  0]LogConfig: Setting CVar [[gc.MaxObjectsInEditor:25165824]]
[2022.12.17-01.01.01:888][  0]LogConfig: Setting CVar [[gc.IncrementalBeginDestroyEnabled:1]]
[2022.12.17-01.01.01:888][  0]LogConfig: Setting CVar [[gc.CreateGCClusters:1]]
[2022.12.17-01.01.01:888][  0]LogConfig: Setting CVar [[gc.MinGCClusterSize:5]]
[2022.12.17-01.01.01:888][  0]LogConfig: Setting CVar [[gc.ActorClusteringEnabled:0]]
[2022.12.17-01.01.01:888][  0]LogConfig: Setting CVar [[gc.BlueprintClusteringEnabled:0]]
[2022.12.17-01.01.01:888][  0]LogConfig: Setting CVar [[gc.UseDisregardForGCOnDedicatedServers:0]]
[2022.12.17-01.01.01:888][  0]LogConfig: Applying CVar settings from Section [/Script/Engine.NetworkSettings] File [G:/Documentos/Clientes/StevenJeffRudy/ChatSystem/ChatSystem/Saved/Config/Windows/Engine.ini]
[2022.12.17-01.01.01:888][  0]LogConfig: Applying CVar settings from Section [/Script/UnrealEd.CookerSettings] File [G:/Documentos/Clientes/StevenJeffRudy/ChatSystem/ChatSystem/Saved/Config/Windows/Engine.ini]
[2022.12.17-01.01.01:895][  0]LogConfig: Applying CVar settings from Section [ViewDistanceQuality@3] File [G:/Documentos/Clientes/StevenJeffRudy/ChatSystem/ChatSystem/Saved/Config/Windows/Scalability.ini]
[2022.12.17-01.01.01:895][  0]LogConfig: Setting CVar [[r.SkeletalMeshLODBias:0]]
[2022.12.17-01.01.01:895][  0]LogConfig: Setting CVar [[r.ViewDistanceScale:1.0]]
[2022.12.17-01.01.01:895][  0]LogConfig: Applying CVar settings from Section [AntiAliasingQuality@3] File [G:/Documentos/Clientes/StevenJeffRudy/ChatSystem/ChatSystem/Saved/Config/Windows/Scalability.ini]
[2022.12.17-01.01.01:895][  0]LogConfig: Setting CVar [[r.PostProcessAAQuality:4]]
[2022.12.17-01.01.01:895][  0]LogConfig: Applying CVar settings from Section [ShadowQuality@3] File [G:/Documentos/Clientes/StevenJeffRudy/ChatSystem/ChatSystem/Saved/Config/Windows/Scalability.ini]
[2022.12.17-01.01.01:895][  0]LogConfig: Setting CVar [[r.LightFunctionQuality:1]]
[2022.12.17-01.01.01:895][  0]LogConfig: Setting CVar [[r.ShadowQuality:5]]
[2022.12.17-01.01.01:895][  0]LogConfig: Setting CVar [[r.Shadow.CSM.MaxCascades:10]]
[2022.12.17-01.01.01:895][  0]LogConfig: Setting CVar [[r.Shadow.MaxResolution:2048]]
[2022.12.17-01.01.01:895][  0]LogConfig: Setting CVar [[r.Shadow.MaxCSMResolution:2048]]
[2022.12.17-01.01.01:895][  0]LogConfig: Setting CVar [[r.Shadow.RadiusThreshold:0.01]]
[2022.12.17-01.01.01:895][  0]LogConfig: Setting CVar [[r.Shadow.DistanceScale:1.0]]
[2022.12.17-01.01.01:895][  0]LogConfig: Setting CVar [[r.Shadow.CSM.TransitionScale:1.0]]
[2022.12.17-01.01.01:895][  0]LogConfig: Setting CVar [[r.Shadow.PreShadowResolutionFactor:1.0]]
[2022.12.17-01.01.01:895][  0]LogConfig: Setting CVar [[r.DistanceFieldShadowing:1]]
[2022.12.17-01.01.01:895][  0]LogConfig: Setting CVar [[r.DistanceFieldAO:1]]
[2022.12.17-01.01.01:895][  0]LogConfig: Setting CVar [[r.AOQuality:2]]
[2022.12.17-01.01.01:895][  0]LogConfig: Setting CVar [[r.VolumetricFog:1]]
[2022.12.17-01.01.01:895][  0]LogConfig: Setting CVar [[r.VolumetricFog.GridPixelSize:8]]
[2022.12.17-01.01.01:895][  0]LogConfig: Setting CVar [[r.VolumetricFog.GridSizeZ:128]]
[2022.12.17-01.01.01:895][  0]LogConfig: Setting CVar [[r.VolumetricFog.HistoryMissSupersampleCount:4]]
[2022.12.17-01.01.01:895][  0]LogConfig: Setting CVar [[r.LightMaxDrawDistanceScale:1]]
[2022.12.17-01.01.01:895][  0]LogConfig: Setting CVar [[r.CapsuleShadows:1]]
[2022.12.17-01.01.01:895][  0]LogConfig: Applying CVar settings from Section [PostProcessQuality@3] File [G:/Documentos/Clientes/StevenJeffRudy/ChatSystem/ChatSystem/Saved/Config/Windows/Scalability.ini]
[2022.12.17-01.01.01:895][  0]LogConfig: Setting CVar [[r.MotionBlurQuality:4]]
[2022.12.17-01.01.01:895][  0]LogConfig: Setting CVar [[r.AmbientOcclusionMipLevelFactor:0.4]]
[2022.12.17-01.01.01:895][  0]LogConfig: Setting CVar [[r.AmbientOcclusionMaxQuality:100]]
[2022.12.17-01.01.01:895][  0]LogConfig: Setting CVar [[r.AmbientOcclusionLevels:-1]]
[2022.12.17-01.01.01:895][  0]LogConfig: Setting CVar [[r.AmbientOcclusionRadiusScale:1.0]]
[2022.12.17-01.01.01:895][  0]LogConfig: Setting CVar [[r.DepthOfFieldQuality:2]]
[2022.12.17-01.01.01:896][  0]LogConfig: Setting CVar [[r.RenderTargetPoolMin:400]]
[2022.12.17-01.01.01:896][  0]LogConfig: Setting CVar [[r.LensFlareQuality:2]]
[2022.12.17-01.01.01:896][  0]LogConfig: Setting CVar [[r.SceneColorFringeQuality:1]]
[2022.12.17-01.01.01:896][  0]LogConfig: Setting CVar [[r.EyeAdaptationQuality:2]]
[2022.12.17-01.01.01:896][  0]LogConfig: Setting CVar [[r.BloomQuality:5]]
[2022.12.17-01.01.01:896][  0]LogConfig: Setting CVar [[r.FastBlurThreshold:100]]
[2022.12.17-01.01.01:896][  0]LogConfig: Setting CVar [[r.Upscale.Quality:3]]
[2022.12.17-01.01.01:896][  0]LogConfig: Setting CVar [[r.Tonemapper.GrainQuantization:1]]
[2022.12.17-01.01.01:896][  0]LogConfig: Setting CVar [[r.LightShaftQuality:1]]
[2022.12.17-01.01.01:896][  0]LogConfig: Setting CVar [[r.Filter.SizeScale:1]]
[2022.12.17-01.01.01:896][  0]LogConfig: Setting CVar [[r.Tonemapper.Quality:5]]
[2022.12.17-01.01.01:896][  0]LogConfig: Setting CVar [[r.DOF.Gather.AccumulatorQuality:1        ; higher gathering accumulator quality]]
[2022.12.17-01.01.01:896][  0]LogConfig: Setting CVar [[r.DOF.Gather.PostfilterMethod:1          ; Median3x3 postfilering method]]
[2022.12.17-01.01.01:896][  0]LogConfig: Setting CVar [[r.DOF.Gather.EnableBokehSettings:0       ; no bokeh simulation when gathering]]
[2022.12.17-01.01.01:896][  0]LogConfig: Setting CVar [[r.DOF.Gather.RingCount:4                 ; medium number of samples when gathering]]
[2022.12.17-01.01.01:896][  0]LogConfig: Setting CVar [[r.DOF.Scatter.ForegroundCompositing:1    ; additive foreground scattering]]
[2022.12.17-01.01.01:896][  0]LogConfig: Setting CVar [[r.DOF.Scatter.BackgroundCompositing:2    ; additive background scattering]]
[2022.12.17-01.01.01:896][  0]LogConfig: Setting CVar [[r.DOF.Scatter.EnableBokehSettings:1      ; bokeh simulation when scattering]]
[2022.12.17-01.01.01:896][  0]LogConfig: Setting CVar [[r.DOF.Scatter.MaxSpriteRatio:0.1         ; only a maximum of 10% of scattered bokeh]]
[2022.12.17-01.01.01:896][  0]LogConfig: Setting CVar [[r.DOF.Recombine.Quality:1                ; cheap slight out of focus]]
[2022.12.17-01.01.01:896][  0]LogConfig: Setting CVar [[r.DOF.Recombine.EnableBokehSettings:0    ; no bokeh simulation on slight out of focus]]
[2022.12.17-01.01.01:896][  0]LogConfig: Setting CVar [[r.DOF.TemporalAAQuality:1                ; more stable temporal accumulation]]
[2022.12.17-01.01.01:896][  0]LogConfig: Setting CVar [[r.DOF.Kernel.MaxForegroundRadius:0.025]]
[2022.12.17-01.01.01:896][  0]LogConfig: Setting CVar [[r.DOF.Kernel.MaxBackgroundRadius:0.025]]
[2022.12.17-01.01.01:896][  0]LogConfig: Applying CVar settings from Section [TextureQuality@3] File [G:/Documentos/Clientes/StevenJeffRudy/ChatSystem/ChatSystem/Saved/Config/Windows/Scalability.ini]
[2022.12.17-01.01.01:896][  0]LogConfig: Setting CVar [[r.Streaming.MipBias:0]]
[2022.12.17-01.01.01:896][  0]LogConfig: Setting CVar [[r.Streaming.AmortizeCPUToGPUCopy:0]]
[2022.12.17-01.01.01:896][  0]LogConfig: Setting CVar [[r.Streaming.MaxNumTexturesToStreamPerFrame:0]]
[2022.12.17-01.01.01:896][  0]LogConfig: Setting CVar [[r.Streaming.Boost:1]]
[2022.12.17-01.01.01:896][  0]LogConfig: Setting CVar [[r.MaxAnisotropy:8]]
[2022.12.17-01.01.01:896][  0]LogConfig: Setting CVar [[r.VT.MaxAnisotropy:8]]
[2022.12.17-01.01.01:896][  0]LogConfig: Setting CVar [[r.Streaming.LimitPoolSizeToVRAM:0]]
[2022.12.17-01.01.01:896][  0]LogConfig: Setting CVar [[r.Streaming.PoolSize:1000]]
[2022.12.17-01.01.01:896][  0]LogConfig: Setting CVar [[r.Streaming.MaxEffectiveScreenSize:0]]
[2022.12.17-01.01.01:896][  0]LogConfig: Applying CVar settings from Section [EffectsQuality@3] File [G:/Documentos/Clientes/StevenJeffRudy/ChatSystem/ChatSystem/Saved/Config/Windows/Scalability.ini]
[2022.12.17-01.01.01:896][  0]LogConfig: Setting CVar [[r.TranslucencyLightingVolumeDim:64]]
[2022.12.17-01.01.01:896][  0]LogConfig: Setting CVar [[r.RefractionQuality:2]]
[2022.12.17-01.01.01:896][  0]LogConfig: Setting CVar [[r.SSR.Quality:3]]
[2022.12.17-01.01.01:896][  0]LogConfig: Setting CVar [[r.SSR.HalfResSceneColor:0]]
[2022.12.17-01.01.01:896][  0]LogConfig: Setting CVar [[r.SceneColorFormat:4]]
[2022.12.17-01.01.01:896][  0]LogConfig: Setting CVar [[r.DetailMode:2]]
[2022.12.17-01.01.01:896][  0]LogConfig: Setting CVar [[r.TranslucencyVolumeBlur:1]]
[2022.12.17-01.01.01:896][  0]LogConfig: Setting CVar [[r.MaterialQualityLevel:1 ; High quality]]
[2022.12.17-01.01.01:896][  0]LogConfig: Setting CVar [[r.SSS.Scale:1]]
[2022.12.17-01.01.01:896][  0]LogConfig: Setting CVar [[r.SSS.SampleSet:2]]
[2022.12.17-01.01.01:896][  0]LogConfig: Setting CVar [[r.SSS.Quality:1]]
[2022.12.17-01.01.01:896][  0]LogConfig: Setting CVar [[r.SSS.HalfRes:0]]
[2022.12.17-01.01.01:896][  0]LogConfig: Setting CVar [[r.SSGI.Quality:3]]
[2022.12.17-01.01.01:896][  0]LogConfig: Setting CVar [[r.EmitterSpawnRateScale:1.0]]
[2022.12.17-01.01.01:896][  0]LogConfig: Setting CVar [[r.ParticleLightQuality:2]]
[2022.12.17-01.01.01:896][  0]LogConfig: Setting CVar [[r.SkyAtmosphere.AerialPerspectiveLUT.FastApplyOnOpaque:1 ; Always have FastSkyLUT 1 in this case to avoid wrong sky]]
[2022.12.17-01.01.01:896][  0]LogConfig: Setting CVar [[r.SkyAtmosphere.AerialPerspectiveLUT.SampleCountPerSlice:1]]
[2022.12.17-01.01.01:896][  0]LogConfig: Setting CVar [[r.SkyAtmosphere.AerialPerspectiveLUT.DepthResolution:16.0]]
[2022.12.17-01.01.01:896][  0]LogConfig: Setting CVar [[r.SkyAtmosphere.FastSkyLUT:1]]
[2022.12.17-01.01.01:896][  0]LogConfig: Setting CVar [[r.SkyAtmosphere.FastSkyLUT.SampleCountMin:4.0]]
[2022.12.17-01.01.01:896][  0]LogConfig: Setting CVar [[r.SkyAtmosphere.FastSkyLUT.SampleCountMax:32.0]]
[2022.12.17-01.01.01:896][  0]LogConfig: Setting CVar [[r.SkyAtmosphere.SampleCountMin:4.0]]
[2022.12.17-01.01.01:896][  0]LogConfig: Setting CVar [[r.SkyAtmosphere.SampleCountMax:32.0]]
[2022.12.17-01.01.01:896][  0]LogConfig: Setting CVar [[r.SkyAtmosphere.TransmittanceLUT.UseSmallFormat:0]]
[2022.12.17-01.01.01:896][  0]LogConfig: Setting CVar [[r.SkyAtmosphere.TransmittanceLUT.SampleCount:10.0]]
[2022.12.17-01.01.01:896][  0]LogConfig: Setting CVar [[r.SkyAtmosphere.MultiScatteringLUT.SampleCount:15.0]]
[2022.12.17-01.01.01:896][  0]LogConfig: Applying CVar settings from Section [FoliageQuality@3] File [G:/Documentos/Clientes/StevenJeffRudy/ChatSystem/ChatSystem/Saved/Config/Windows/Scalability.ini]
[2022.12.17-01.01.01:896][  0]LogConfig: Setting CVar [[foliage.DensityScale:1.0]]
[2022.12.17-01.01.01:897][  0]LogConfig: Setting CVar [[grass.DensityScale:1.0]]
[2022.12.17-01.01.01:897][  0]LogConfig: Applying CVar settings from Section [ShadingQuality@3] File [G:/Documentos/Clientes/StevenJeffRudy/ChatSystem/ChatSystem/Saved/Config/Windows/Scalability.ini]
[2022.12.17-01.01.01:897][  0]LogConfig: Setting CVar [[r.HairStrands.SkyLighting.SampleCount:16]]
[2022.12.17-01.01.01:897][  0]LogConfig: Setting CVar [[r.HairStrands.SkyLighting.JitterIntegration:0]]
[2022.12.17-01.01.01:897][  0]LogConfig: Setting CVar [[r.HairStrands.SkyAO.SampleCount:16]]
[2022.12.17-01.01.01:897][  0]LogConfig: Setting CVar [[r.HairStrands.DeepShadow.SuperSampling:0]]
[2022.12.17-01.01.01:897][  0]LogConfig: Setting CVar [[r.HairStrands.VisibilityPPLL:0]]
[2022.12.17-01.01.01:897][  0]LogConfig: Setting CVar [[r.HairStrands.RasterizationScale:0.5]]
[2022.12.17-01.01.01:897][  0]LogConfig: Setting CVar [[r.HairStrands.VelocityRasterizationScale:1]]
[2022.12.17-01.01.01:897][  0]LogInit: Selected Device Profile: [Windows]
[2022.12.17-01.01.01:897][  0]LogInit: Applying CVar settings loaded from the selected device profile: [Windows]
[2022.12.17-01.01.01:897][  0]LogHAL: Display: Platform has ~ 32 GB [34288787456 / 34359738368 / 32], which maps to Largest [LargestMinGB=32, LargerMinGB=12, DefaultMinGB=8, SmallerMinGB=6, SmallestMinGB=0)
[2022.12.17-01.01.01:897][  0]LogInit: Going up to parent DeviceProfile []
[2022.12.17-01.01.01:897][  0]LogConfig: Applying CVar settings from Section [ViewDistanceQuality@3] File [G:/Documentos/Clientes/StevenJeffRudy/ChatSystem/ChatSystem/Saved/Config/Windows/Scalability.ini]
[2022.12.17-01.01.01:897][  0]LogConfig: Setting CVar [[r.SkeletalMeshLODBias:0]]
[2022.12.17-01.01.01:897][  0]LogConfig: Setting CVar [[r.ViewDistanceScale:1.0]]
[2022.12.17-01.01.01:897][  0]LogConfig: Applying CVar settings from Section [AntiAliasingQuality@3] File [G:/Documentos/Clientes/StevenJeffRudy/ChatSystem/ChatSystem/Saved/Config/Windows/Scalability.ini]
[2022.12.17-01.01.01:897][  0]LogConfig: Setting CVar [[r.PostProcessAAQuality:4]]
[2022.12.17-01.01.01:897][  0]LogConfig: Applying CVar settings from Section [ShadowQuality@3] File [G:/Documentos/Clientes/StevenJeffRudy/ChatSystem/ChatSystem/Saved/Config/Windows/Scalability.ini]
[2022.12.17-01.01.01:897][  0]LogConfig: Setting CVar [[r.LightFunctionQuality:1]]
[2022.12.17-01.01.01:897][  0]LogConfig: Setting CVar [[r.ShadowQuality:5]]
[2022.12.17-01.01.01:897][  0]LogConfig: Setting CVar [[r.Shadow.CSM.MaxCascades:10]]
[2022.12.17-01.01.01:897][  0]LogConfig: Setting CVar [[r.Shadow.MaxResolution:2048]]
[2022.12.17-01.01.01:897][  0]LogConfig: Setting CVar [[r.Shadow.MaxCSMResolution:2048]]
[2022.12.17-01.01.01:897][  0]LogConfig: Setting CVar [[r.Shadow.RadiusThreshold:0.01]]
[2022.12.17-01.01.01:897][  0]LogConfig: Setting CVar [[r.Shadow.DistanceScale:1.0]]
[2022.12.17-01.01.01:897][  0]LogConfig: Setting CVar [[r.Shadow.CSM.TransitionScale:1.0]]
[2022.12.17-01.01.01:897][  0]LogConfig: Setting CVar [[r.Shadow.PreShadowResolutionFactor:1.0]]
[2022.12.17-01.01.01:897][  0]LogConfig: Setting CVar [[r.DistanceFieldShadowing:1]]
[2022.12.17-01.01.01:897][  0]LogConfig: Setting CVar [[r.DistanceFieldAO:1]]
[2022.12.17-01.01.01:897][  0]LogConfig: Setting CVar [[r.AOQuality:2]]
[2022.12.17-01.01.01:897][  0]LogConfig: Setting CVar [[r.VolumetricFog:1]]
[2022.12.17-01.01.01:897][  0]LogConfig: Setting CVar [[r.VolumetricFog.GridPixelSize:8]]
[2022.12.17-01.01.01:897][  0]LogConfig: Setting CVar [[r.VolumetricFog.GridSizeZ:128]]
[2022.12.17-01.01.01:897][  0]LogConfig: Setting CVar [[r.VolumetricFog.HistoryMissSupersampleCount:4]]
[2022.12.17-01.01.01:897][  0]LogConfig: Setting CVar [[r.LightMaxDrawDistanceScale:1]]
[2022.12.17-01.01.01:897][  0]LogConfig: Setting CVar [[r.CapsuleShadows:1]]
[2022.12.17-01.01.01:897][  0]LogConfig: Applying CVar settings from Section [PostProcessQuality@3] File [G:/Documentos/Clientes/StevenJeffRudy/ChatSystem/ChatSystem/Saved/Config/Windows/Scalability.ini]
[2022.12.17-01.01.01:897][  0]LogConfig: Setting CVar [[r.MotionBlurQuality:4]]
[2022.12.17-01.01.01:897][  0]LogConfig: Setting CVar [[r.AmbientOcclusionMipLevelFactor:0.4]]
[2022.12.17-01.01.01:897][  0]LogConfig: Setting CVar [[r.AmbientOcclusionMaxQuality:100]]
[2022.12.17-01.01.01:897][  0]LogConfig: Setting CVar [[r.AmbientOcclusionLevels:-1]]
[2022.12.17-01.01.01:897][  0]LogConfig: Setting CVar [[r.AmbientOcclusionRadiusScale:1.0]]
[2022.12.17-01.01.01:897][  0]LogConfig: Setting CVar [[r.DepthOfFieldQuality:2]]
[2022.12.17-01.01.01:897][  0]LogConfig: Setting CVar [[r.RenderTargetPoolMin:400]]
[2022.12.17-01.01.01:897][  0]LogConfig: Setting CVar [[r.LensFlareQuality:2]]
[2022.12.17-01.01.01:897][  0]LogConfig: Setting CVar [[r.SceneColorFringeQuality:1]]
[2022.12.17-01.01.01:897][  0]LogConfig: Setting CVar [[r.EyeAdaptationQuality:2]]
[2022.12.17-01.01.01:897][  0]LogConfig: Setting CVar [[r.BloomQuality:5]]
[2022.12.17-01.01.01:897][  0]LogConfig: Setting CVar [[r.FastBlurThreshold:100]]
[2022.12.17-01.01.01:897][  0]LogConfig: Setting CVar [[r.Upscale.Quality:3]]
[2022.12.17-01.01.01:897][  0]LogConfig: Setting CVar [[r.Tonemapper.GrainQuantization:1]]
[2022.12.17-01.01.01:898][  0]LogConfig: Setting CVar [[r.LightShaftQuality:1]]
[2022.12.17-01.01.01:898][  0]LogConfig: Setting CVar [[r.Filter.SizeScale:1]]
[2022.12.17-01.01.01:898][  0]LogConfig: Setting CVar [[r.Tonemapper.Quality:5]]
[2022.12.17-01.01.01:898][  0]LogConfig: Setting CVar [[r.DOF.Gather.AccumulatorQuality:1        ; higher gathering accumulator quality]]
[2022.12.17-01.01.01:898][  0]LogConfig: Setting CVar [[r.DOF.Gather.PostfilterMethod:1          ; Median3x3 postfilering method]]
[2022.12.17-01.01.01:898][  0]LogConfig: Setting CVar [[r.DOF.Gather.EnableBokehSettings:0       ; no bokeh simulation when gathering]]
[2022.12.17-01.01.01:898][  0]LogConfig: Setting CVar [[r.DOF.Gather.RingCount:4                 ; medium number of samples when gathering]]
[2022.12.17-01.01.01:898][  0]LogConfig: Setting CVar [[r.DOF.Scatter.ForegroundCompositing:1    ; additive foreground scattering]]
[2022.12.17-01.01.01:898][  0]LogConfig: Setting CVar [[r.DOF.Scatter.BackgroundCompositing:2    ; additive background scattering]]
[2022.12.17-01.01.01:898][  0]LogConfig: Setting CVar [[r.DOF.Scatter.EnableBokehSettings:1      ; bokeh simulation when scattering]]
[2022.12.17-01.01.01:898][  0]LogConfig: Setting CVar [[r.DOF.Scatter.MaxSpriteRatio:0.1         ; only a maximum of 10% of scattered bokeh]]
[2022.12.17-01.01.01:898][  0]LogConfig: Setting CVar [[r.DOF.Recombine.Quality:1                ; cheap slight out of focus]]
[2022.12.17-01.01.01:898][  0]LogConfig: Setting CVar [[r.DOF.Recombine.EnableBokehSettings:0    ; no bokeh simulation on slight out of focus]]
[2022.12.17-01.01.01:898][  0]LogConfig: Setting CVar [[r.DOF.TemporalAAQuality:1                ; more stable temporal accumulation]]
[2022.12.17-01.01.01:898][  0]LogConfig: Setting CVar [[r.DOF.Kernel.MaxForegroundRadius:0.025]]
[2022.12.17-01.01.01:898][  0]LogConfig: Setting CVar [[r.DOF.Kernel.MaxBackgroundRadius:0.025]]
[2022.12.17-01.01.01:898][  0]LogConfig: Applying CVar settings from Section [TextureQuality@3] File [G:/Documentos/Clientes/StevenJeffRudy/ChatSystem/ChatSystem/Saved/Config/Windows/Scalability.ini]
[2022.12.17-01.01.01:898][  0]LogConfig: Setting CVar [[r.Streaming.MipBias:0]]
[2022.12.17-01.01.01:898][  0]LogConfig: Setting CVar [[r.Streaming.AmortizeCPUToGPUCopy:0]]
[2022.12.17-01.01.01:898][  0]LogConfig: Setting CVar [[r.Streaming.MaxNumTexturesToStreamPerFrame:0]]
[2022.12.17-01.01.01:898][  0]LogConfig: Setting CVar [[r.Streaming.Boost:1]]
[2022.12.17-01.01.01:898][  0]LogConfig: Setting CVar [[r.MaxAnisotropy:8]]
[2022.12.17-01.01.01:898][  0]LogConfig: Setting CVar [[r.VT.MaxAnisotropy:8]]
[2022.12.17-01.01.01:898][  0]LogConfig: Setting CVar [[r.Streaming.LimitPoolSizeToVRAM:0]]
[2022.12.17-01.01.01:898][  0]LogConfig: Setting CVar [[r.Streaming.PoolSize:1000]]
[2022.12.17-01.01.01:898][  0]LogConfig: Setting CVar [[r.Streaming.MaxEffectiveScreenSize:0]]
[2022.12.17-01.01.01:898][  0]LogConfig: Applying CVar settings from Section [EffectsQuality@3] File [G:/Documentos/Clientes/StevenJeffRudy/ChatSystem/ChatSystem/Saved/Config/Windows/Scalability.ini]
[2022.12.17-01.01.01:898][  0]LogConfig: Setting CVar [[r.TranslucencyLightingVolumeDim:64]]
[2022.12.17-01.01.01:898][  0]LogConfig: Setting CVar [[r.RefractionQuality:2]]
[2022.12.17-01.01.01:898][  0]LogConfig: Setting CVar [[r.SSR.Quality:3]]
[2022.12.17-01.01.01:898][  0]LogConfig: Setting CVar [[r.SSR.HalfResSceneColor:0]]
[2022.12.17-01.01.01:898][  0]LogConfig: Setting CVar [[r.SceneColorFormat:4]]
[2022.12.17-01.01.01:898][  0]LogConfig: Setting CVar [[r.DetailMode:2]]
[2022.12.17-01.01.01:898][  0]LogConfig: Setting CVar [[r.TranslucencyVolumeBlur:1]]
[2022.12.17-01.01.01:898][  0]LogConfig: Setting CVar [[r.MaterialQualityLevel:1 ; High quality]]
[2022.12.17-01.01.01:898][  0]LogConfig: Setting CVar [[r.SSS.Scale:1]]
[2022.12.17-01.01.01:898][  0]LogConfig: Setting CVar [[r.SSS.SampleSet:2]]
[2022.12.17-01.01.01:898][  0]LogConfig: Setting CVar [[r.SSS.Quality:1]]
[2022.12.17-01.01.01:898][  0]LogConfig: Setting CVar [[r.SSS.HalfRes:0]]
[2022.12.17-01.01.01:898][  0]LogConfig: Setting CVar [[r.SSGI.Quality:3]]
[2022.12.17-01.01.01:898][  0]LogConfig: Setting CVar [[r.EmitterSpawnRateScale:1.0]]
[2022.12.17-01.01.01:898][  0]LogConfig: Setting CVar [[r.ParticleLightQuality:2]]
[2022.12.17-01.01.01:898][  0]LogConfig: Setting CVar [[r.SkyAtmosphere.AerialPerspectiveLUT.FastApplyOnOpaque:1 ; Always have FastSkyLUT 1 in this case to avoid wrong sky]]
[2022.12.17-01.01.01:898][  0]LogConfig: Setting CVar [[r.SkyAtmosphere.AerialPerspectiveLUT.SampleCountPerSlice:1]]
[2022.12.17-01.01.01:898][  0]LogConfig: Setting CVar [[r.SkyAtmosphere.AerialPerspectiveLUT.DepthResolution:16.0]]
[2022.12.17-01.01.01:898][  0]LogConfig: Setting CVar [[r.SkyAtmosphere.FastSkyLUT:1]]
[2022.12.17-01.01.01:898][  0]LogConfig: Setting CVar [[r.SkyAtmosphere.FastSkyLUT.SampleCountMin:4.0]]
[2022.12.17-01.01.01:898][  0]LogConfig: Setting CVar [[r.SkyAtmosphere.FastSkyLUT.SampleCountMax:32.0]]
[2022.12.17-01.01.01:898][  0]LogConfig: Setting CVar [[r.SkyAtmosphere.SampleCountMin:4.0]]
[2022.12.17-01.01.01:898][  0]LogConfig: Setting CVar [[r.SkyAtmosphere.SampleCountMax:32.0]]
[2022.12.17-01.01.01:898][  0]LogConfig: Setting CVar [[r.SkyAtmosphere.TransmittanceLUT.UseSmallFormat:0]]
[2022.12.17-01.01.01:898][  0]LogConfig: Setting CVar [[r.SkyAtmosphere.TransmittanceLUT.SampleCount:10.0]]
[2022.12.17-01.01.01:898][  0]LogConfig: Setting CVar [[r.SkyAtmosphere.MultiScatteringLUT.SampleCount:15.0]]
[2022.12.17-01.01.01:898][  0]LogConfig: Applying CVar settings from Section [FoliageQuality@3] File [G:/Documentos/Clientes/StevenJeffRudy/ChatSystem/ChatSystem/Saved/Config/Windows/Scalability.ini]
[2022.12.17-01.01.01:899][  0]LogConfig: Setting CVar [[foliage.DensityScale:1.0]]
[2022.12.17-01.01.01:899][  0]LogConfig: Setting CVar [[grass.DensityScale:1.0]]
[2022.12.17-01.01.01:899][  0]LogConfig: Applying CVar settings from Section [ShadingQuality@3] File [G:/Documentos/Clientes/StevenJeffRudy/ChatSystem/ChatSystem/Saved/Config/Windows/Scalability.ini]
[2022.12.17-01.01.01:899][  0]LogConfig: Setting CVar [[r.HairStrands.SkyLighting.SampleCount:16]]
[2022.12.17-01.01.01:899][  0]LogConfig: Setting CVar [[r.HairStrands.SkyLighting.JitterIntegration:0]]
[2022.12.17-01.01.01:899][  0]LogConfig: Setting CVar [[r.HairStrands.SkyAO.SampleCount:16]]
[2022.12.17-01.01.01:899][  0]LogConfig: Setting CVar [[r.HairStrands.DeepShadow.SuperSampling:0]]
[2022.12.17-01.01.01:899][  0]LogConfig: Setting CVar [[r.HairStrands.VisibilityPPLL:0]]
[2022.12.17-01.01.01:899][  0]LogConfig: Setting CVar [[r.HairStrands.RasterizationScale:0.5]]
[2022.12.17-01.01.01:899][  0]LogConfig: Setting CVar [[r.HairStrands.VelocityRasterizationScale:1]]
[2022.12.17-01.01.01:899][  0]LogConfig: Applying CVar settings from Section [Startup] File [../../../Engine/Config/ConsoleVariables.ini]
[2022.12.17-01.01.01:900][  0]LogConfig: Setting CVar [[net.UseAdaptiveNetUpdateFrequency:0]]
[2022.12.17-01.01.01:900][  0]LogConfig: Setting CVar [[p.chaos.AllowCreatePhysxBodies:1]]
[2022.12.17-01.01.01:900][  0]LogConfig: Setting CVar [[fx.SkipVectorVMBackendOptimizations:1]]
[2022.12.17-01.01.01:900][  0]LogConfig: Applying CVar settings from Section [ConsoleVariables] File [G:/Documentos/Clientes/StevenJeffRudy/ChatSystem/ChatSystem/Saved/Config/Windows/Engine.ini]
[2022.12.17-01.01.01:900][  0]LogInit: Computer: DESKTOP-V9EJUB5
[2022.12.17-01.01.01:900][  0]LogInit: User: gdlc1
[2022.12.17-01.01.01:900][  0]LogInit: CPU Page size=4096, Cores=6
[2022.12.17-01.01.01:900][  0]LogInit: High frequency timer resolution =10.000000 MHz
[2022.12.17-01.01.01:900][  0]LogMemory: Memory total: Physical=31.9GB (32GB approx)
[2022.12.17-01.01.01:900][  0]LogMemory: Platform Memory Stats for Windows
[2022.12.17-01.01.01:900][  0]LogMemory: Process Physical Memory: 116.66 MB used, 116.66 MB peak
[2022.12.17-01.01.01:900][  0]LogMemory: Process Virtual Memory: 96.89 MB used, 96.89 MB peak
[2022.12.17-01.01.01:900][  0]LogMemory: Physical Memory: 16277.46 MB used,  16422.87 MB free, 32700.34 MB total
[2022.12.17-01.01.01:900][  0]LogMemory: Virtual Memory: 5166.73 MB used,  134212560.00 MB free, 134217728.00 MB total
[2022.12.17-01.01.01:903][  0]LogWindows: WindowsPlatformFeatures enabled
[2022.12.17-01.01.01:968][  0]LogInit: Physics initialised using underlying interface: PhysX
[2022.12.17-01.01.01:968][  0]LogInit: Using OS detected language (es-MX).
[2022.12.17-01.01.01:968][  0]LogInit: Using OS detected locale (en-US).
[2022.12.17-01.01.01:971][  0]LogTextLocalizationResource: LocRes '../../../Engine/Content/Localization/Editor/es-MX/Editor.locres' could not be opened for reading!
[2022.12.17-01.01.01:971][  0]LogTextLocalizationResource: LocRes '../../../Engine/Content/Localization/EditorTutorials/es-MX/EditorTutorials.locres' could not be opened for reading!
[2022.12.17-01.01.01:971][  0]LogTextLocalizationResource: LocRes '../../../Engine/Content/Localization/Keywords/es-MX/Keywords.locres' could not be opened for reading!
[2022.12.17-01.01.01:971][  0]LogTextLocalizationResource: LocRes '../../../Engine/Content/Localization/Category/es-MX/Category.locres' could not be opened for reading!
[2022.12.17-01.01.01:972][  0]LogTextLocalizationResource: LocRes '../../../Engine/Content/Localization/ToolTips/es-MX/ToolTips.locres' could not be opened for reading!
[2022.12.17-01.01.01:972][  0]LogTextLocalizationResource: LocRes '../../../Engine/Content/Localization/PropertyNames/es-MX/PropertyNames.locres' could not be opened for reading!
[2022.12.17-01.01.01:972][  0]LogTextLocalizationResource: LocRes '../../../Engine/Content/Localization/Engine/es-MX/Engine.locres' could not be opened for reading!
[2022.12.17-01.01.01:972][  0]LogTextLocalizationResource: LocRes '../../../Engine/Plugins/Online/Android/OnlineSubsystemGooglePlay/Content/Localization/OnlineSubsystemGooglePlay/es-MX/OnlineSubsystemGooglePlay.locres' could not be opened for reading!
[2022.12.17-01.01.01:972][  0]LogTextLocalizationResource: LocRes '../../../Engine/Plugins/Online/IOS/OnlineSubsystemIOS/Content/Localization/OnlineSubsystemIOS/es-MX/OnlineSubsystemIOS.locres' could not be opened for reading!
[2022.12.17-01.01.01:973][  0]LogTextLocalizationResource: LocRes '../../../Engine/Plugins/Online/OnlineSubsystemUtils/Content/Localization/OnlineSubsystemUtils/es-MX/OnlineSubsystemUtils.locres' could not be opened for reading!
[2022.12.17-01.01.02:248][  0]LogSlate: New Slate User Created.  User Index 0, Is Virtual User: 0
[2022.12.17-01.01.02:248][  0]LogSlate: Slate User Registered.  User Index 0, Is Virtual User: 0
[2022.12.17-01.01.02:268][  0]LogHMD: Failed to initialize OpenVR with code 110
[2022.12.17-01.01.02:268][  0]LogD3D11RHI: D3D11 min allowed feature level: 11_0
[2022.12.17-01.01.02:268][  0]LogD3D11RHI: D3D11 max allowed feature level: 11_0
[2022.12.17-01.01.02:268][  0]LogD3D11RHI: D3D11 adapters:
[2022.12.17-01.01.02:441][  0]LogD3D11RHI:    0. 'NVIDIA GeForce RTX 2060' (Feature Level 11_0)
[2022.12.17-01.01.02:441][  0]LogD3D11RHI:       5968/0/16350 MB DedicatedVideo/DedicatedSystem/SharedSystem, Outputs:2, VendorId:0x10de
[2022.12.17-01.01.02:445][  0]LogD3D11RHI:    1. 'Microsoft Basic Render Driver' (Feature Level 11_0)
[2022.12.17-01.01.02:445][  0]LogD3D11RHI:       0/0/16350 MB DedicatedVideo/DedicatedSystem/SharedSystem, Outputs:0, VendorId:0x1414
[2022.12.17-01.01.02:445][  0]LogD3D11RHI: Chosen D3D11 Adapter: 0
[2022.12.17-01.01.02:458][  0]LogD3D11RHI: Creating new Direct3DDevice
[2022.12.17-01.01.02:458][  0]LogD3D11RHI:     GPU DeviceId: 0x1f08 (for the marketing name, search the web for "GPU Device Id")
[2022.12.17-01.01.02:458][  0]LogWindows: EnumDisplayDevices:
[2022.12.17-01.01.02:458][  0]LogWindows:    0. 'NVIDIA GeForce RTX 2060' (P:1 D:1)
[2022.12.17-01.01.02:459][  0]LogWindows:    1. 'NVIDIA GeForce RTX 2060' (P:0 D:1)
[2022.12.17-01.01.02:459][  0]LogWindows:    2. 'NVIDIA GeForce RTX 2060' (P:0 D:0)
[2022.12.17-01.01.02:459][  0]LogWindows:    3. 'NVIDIA GeForce RTX 2060' (P:0 D:0)
[2022.12.17-01.01.02:460][  0]LogWindows: DebugString: FoundDriverCount:4 
[2022.12.17-01.01.02:460][  0]LogD3D11RHI:     Adapter Name: NVIDIA GeForce RTX 2060
[2022.12.17-01.01.02:460][  0]LogD3D11RHI:   Driver Version: 527.56 (internal:31.0.15.2756, unified:527.56)
[2022.12.17-01.01.02:460][  0]LogD3D11RHI:      Driver Date: 12-5-2022
[2022.12.17-01.01.02:460][  0]LogRHI: Texture pool is 4177 MB (70% of 5968 MB)
[2022.12.17-01.01.02:575][  0]LogD3D11RHI: RHI has support for 64 bit atomics
[2022.12.17-01.01.02:575][  0]LogD3D11RHI: Async texture creation enabled
[2022.12.17-01.01.02:575][  0]LogD3D11RHI: Array index from any shader is supported
[2022.12.17-01.01.02:629][  0]LogD3D11RHI: GPU Timing Frequency: 1000.000000 (Debug: 2 1)
[2022.12.17-01.01.03:010][  0]LogTargetPlatformManager: Display: Loaded TargetPlatform 'WindowsNoEditor'
[2022.12.17-01.01.03:014][  0]LogTargetPlatformManager: Display: Loaded TargetPlatform 'Windows'
[2022.12.17-01.01.03:023][  0]LogTargetPlatformManager: Display: Loaded TargetPlatform 'WindowsClient'
[2022.12.17-01.01.03:033][  0]LogTargetPlatformManager: Display: Loaded TargetPlatform 'WindowsServer'
[2022.12.17-01.01.03:033][  0]LogTargetPlatformManager: Display: Building Assets For Windows
[2022.12.17-01.01.03:036][  0]LogAudioDebug: Display: Lib vorbis DLL was dynamically loaded.
[2022.12.17-01.01.03:063][  0]LogShaderCompilers: Guid format shader working directory is -14 characters bigger than the processId version (G:/Documentos/Clientes/StevenJeffRudy/ChatSystem/ChatSystem/Intermediate/Shaders/WorkingDirectory/38120/).
[2022.12.17-01.01.03:064][  0]LogShaderCompilers: Cleaned the shader compiler working directory 'C:/Users/gdlc1/AppData/Local/Temp/UnrealShaderWorkingDir/EF0314FA432BE752EBF29BABED49FF3D/'.
[2022.12.17-01.01.03:064][  0]LogXGEController: Cannot use XGE Controller as Incredibuild is not installed on this machine.
[2022.12.17-01.01.03:064][  0]LogShaderCompilers: Cannot use XGE Shader Compiler as Incredibuild is not installed on this machine.
[2022.12.17-01.01.03:064][  0]LogShaderCompilers: Display: Using Local Shader Compiler.
[2022.12.17-01.01.04:013][  0]LogDerivedDataCache: Display: Max Cache Size: 512 MB
[2022.12.17-01.01.04:116][  0]LogDerivedDataCache: Loaded boot cache 0.10s 79MB C:/Users/gdlc1/AppData/Local/UnrealEngine/4.25/DerivedDataCache/Boot.ddc.
[2022.12.17-01.01.04:116][  0]LogDerivedDataCache: Display: Loaded Boot cache: C:/Users/gdlc1/AppData/Local/UnrealEngine/4.25/DerivedDataCache/Boot.ddc
[2022.12.17-01.01.04:116][  0]LogDerivedDataCache: FDerivedDataBackendGraph:  Pak pak cache file G:/Documentos/Clientes/StevenJeffRudy/ChatSystem/ChatSystem/DerivedDataCache/DDC.ddp not found, will not use a pak cache.
[2022.12.17-01.01.04:116][  0]LogDerivedDataCache: Unable to find inner node Pak for hierarchical cache Hierarchy.
[2022.12.17-01.01.04:116][  0]LogDerivedDataCache: FDerivedDataBackendGraph:  CompressedPak pak cache file G:/Documentos/Clientes/StevenJeffRudy/ChatSystem/ChatSystem/DerivedDataCache/Compressed.ddp not found, will not use a pak cache.
[2022.12.17-01.01.04:116][  0]LogDerivedDataCache: Unable to find inner node CompressedPak for hierarchical cache Hierarchy.
[2022.12.17-01.01.04:132][  0]LogDerivedDataCache: Display: Pak cache opened for reading ../../../Engine/DerivedDataCache/Compressed.ddp.
[2022.12.17-01.01.04:132][  0]LogDerivedDataCache: FDerivedDataBackendGraph:  EnterprisePak pak cache file ../../../Enterprise/DerivedDataCache/Compressed.ddp not found, will not use a pak cache.
[2022.12.17-01.01.04:132][  0]LogDerivedDataCache: Unable to find inner node EnterprisePak for hierarchical cache Hierarchy.
[2022.12.17-01.01.04:133][  0]LogDerivedDataCache: Using Local data cache path C:/Users/gdlc1/AppData/Local/UnrealEngine/Common/DerivedDataCache: Writable
[2022.12.17-01.01.04:133][  0]LogDerivedDataCache: Shared data cache path not found in *engine.ini, will not use an Shared cache.
[2022.12.17-01.01.04:134][  0]LogDerivedDataCache: Unable to find inner node Shared for hierarchical cache Hierarchy.
[2022.12.17-01.01.04:190][  0]LogSlate: Using FreeType 2.10.0
[2022.12.17-01.01.04:191][  0]LogSlate: SlateFontServices - WITH_FREETYPE: 1, WITH_HARFBUZZ: 1
[2022.12.17-01.01.04:300][  0]LogInit: Using OS detected language (es-MX).
[2022.12.17-01.01.04:300][  0]LogInit: Using OS detected locale (en-US).
[2022.12.17-01.01.04:300][  0]LogTextLocalizationManager: No localization for 'es-MX' exists, so 'en' will be used for the language.
[2022.12.17-01.01.04:300][  0]LogTextLocalizationManager: No localization for 'en-US' exists, so 'en' will be used for the locale.
[2022.12.17-01.01.04:301][  0]LogSlate: FontCache flush requested. Reason: Culture for localization was changed
[2022.12.17-01.01.04:301][  0]LogSlate: FontCache flush requested. Reason: Culture for localization was changed
[2022.12.17-01.01.04:301][  0]LogTextLocalizationManager: Compacting localization data took   0.00ms
[2022.12.17-01.01.04:304][  0]LogAssetRegistry: FAssetRegistry took 0.0022 seconds to start up
[2022.12.17-01.01.04:559][  0]LogPackageLocalizationCache: Processed 21 localized package path(s) for 1 prioritized culture(s) in 0.001056 seconds
[2022.12.17-01.01.04:615][  0]LogInit: Selected Device Profile: [Windows]
[2022.12.17-01.01.04:720][  0]LogMeshReduction: Using QuadricMeshReduction for automatic static mesh reduction
[2022.12.17-01.01.04:720][  0]LogMeshReduction: Using SimplygonMeshReduction for automatic skeletal mesh reduction
[2022.12.17-01.01.04:720][  0]LogMeshReduction: Using ProxyLODMeshReduction for automatic mesh merging
[2022.12.17-01.01.04:720][  0]LogMeshReduction: No distributed automatic mesh merging module available
[2022.12.17-01.01.04:720][  0]LogMeshMerging: No distributed automatic mesh merging module available
[2022.12.17-01.01.04:736][  0]LogNetVersion: ChatSystem 1.0.0, NetCL: 13144385, EngineNetVer: 14, GameNetVer: 0 (Checksum: 3956846727)
[2022.12.17-01.01.05:060][  0]LogAISub: UAISubsystem::UAISubsystem AISubsystem (000001F1349C0640), frame # 0
[2022.12.17-01.01.05:060][  0]LogAISub: UAISubsystem::UAISubsystem AIPerceptionSystem (000001F134938540), frame # 0
[2022.12.17-01.01.05:063][  0]LogAISub: UAISubsystem::UAISubsystem EnvQueryManager (000001F13495DA00), frame # 0
[2022.12.17-01.01.05:127][  0]LogCollectionManager: Loaded 0 collections in 0.001103 seconds
[2022.12.17-01.01.05:131][  0]LogFileCache: Scanning file cache for directory 'G:/Documentos/Clientes/StevenJeffRudy/ChatSystem/ChatSystem/Saved/Collections/' took 0.00s
[2022.12.17-01.01.05:131][  0]LogFileCache: Scanning file cache for directory 'G:/Documentos/Clientes/StevenJeffRudy/ChatSystem/ChatSystem/Content/Developers/gdlc1/Collections/' took 0.00s
[2022.12.17-01.01.05:131][  0]LogFileCache: Scanning file cache for directory 'G:/Documentos/Clientes/StevenJeffRudy/ChatSystem/ChatSystem/Content/Collections/' took 0.00s
[2022.12.17-01.01.05:131][  0]LogCollectionManager: Fixed up redirectors for 0 collections in 0.000005 seconds (updated 0 objects)
[2022.12.17-01.01.05:168][  0]LogMoviePlayer: Initializing movie player
[2022.12.17-01.01.05:329][  0]LogTcpMessaging: Initializing TcpMessaging bridge
[2022.12.17-01.01.05:331][  0]LogUdpMessaging: Initializing bridge on interface 0.0.0.0:0 to multicast group 230.0.0.1:6666.
[2022.12.17-01.01.05:538][  0]SourceControl: El control de código fuente está desactivado
[2022.12.17-01.01.05:538][  0]SourceControl: El control de código fuente está desactivado
[2022.12.17-01.01.05:541][  0]SourceControl: El control de código fuente está desactivado
[2022.12.17-01.01.05:603][  0]LogAndroidPermission: UAndroidPermissionCallbackProxy::GetInstance
[2022.12.17-01.01.05:608][  0]LogAudioCaptureCore: Display: No Audio Capture implementations found. Audio input will be silent.
[2022.12.17-01.01.05:608][  0]LogAudioCaptureCore: Display: No Audio Capture implementations found. Audio input will be silent.
[2022.12.17-01.01.05:642][  0]LogOcInput: OculusInput pre-init called
[2022.12.17-01.01.05:662][  0]LogUObjectArray: 21591 objects as part of root set at end of initial load.
[2022.12.17-01.01.05:662][  0]LogUObjectAllocator: 5955648 out of 0 bytes used by permanent object pool.
[2022.12.17-01.01.05:662][  0]LogUObjectArray: CloseDisregardForGC: 0/0 objects in disregard for GC pool
[2022.12.17-01.01.05:706][  0]LogEngine: Initializing Engine...
[2022.12.17-01.01.05:707][  0]LogHMD: Failed to initialize OpenVR with code 110
[2022.12.17-01.01.05:707][  0]LogMagicLeap: Warning: VR disabled because ZI is not enabled.  To enable, in the editor, Edit -> Project Settings -> Plugins -> Magic Leap Plugin -> Enable Zero Iteration
[2022.12.17-01.01.05:709][  0]LogStats: UGameplayTagsManager::InitializeManager -  0.000 s
[2022.12.17-01.01.05:828][  0]LogInit: Initializing FReadOnlyCVARCache
[2022.12.17-01.01.05:835][  0]LogAudioMixer: Display: Audio Mixer Platform Settings:
[2022.12.17-01.01.05:835][  0]LogAudioMixer: Display: 	Sample Rate:						  48000
[2022.12.17-01.01.05:835][  0]LogAudioMixer: Display: 	Callback Buffer Frame Size Requested: 1024
[2022.12.17-01.01.05:835][  0]LogAudioMixer: Display: 	Callback Buffer Frame Size To Use:	  1024
[2022.12.17-01.01.05:835][  0]LogAudioMixer: Display: 	Number of buffers to queue:			  2
[2022.12.17-01.01.05:835][  0]LogAudioMixer: Display: 	Max Channels (voices):				  32
[2022.12.17-01.01.05:835][  0]LogAudioMixer: Display: 	Number of Async Source Workers:		  0
[2022.12.17-01.01.05:835][  0]LogAudio: Display: AudioDevice MaxSources: 32
[2022.12.17-01.01.05:836][  0]LogAudio: Display: Using built-in audio occlusion.
[2022.12.17-01.01.05:836][  0]LogAudioMixer: Display: Initializing audio mixer.
[2022.12.17-01.01.05:848][  0]LogAudioMixer: Display: 0: FrontLeft
[2022.12.17-01.01.05:849][  0]LogAudioMixer: Display: 1: FrontRight
[2022.12.17-01.01.05:879][  0]LogAudioMixer: Display: Using Audio Device TV-monitor (NVIDIA High Definition Audio)
[2022.12.17-01.01.05:886][  0]LogAudioMixer: Display: Initializing Sound Submixes...
[2022.12.17-01.01.05:887][  0]LogAudioMixer: Display: Creating Master Submix 'MasterSubmixDefault'
[2022.12.17-01.01.05:887][  0]LogAudioMixer: Display: Creating Master Submix 'MasterReverbSubmixDefault'
[2022.12.17-01.01.05:889][  0]LogAudioMixer: Display: Creating Master Submix 'MasterEQSubmixDefault'
[2022.12.17-01.01.05:890][  0]LogInit: FAudioDevice initialized.
[2022.12.17-01.01.05:891][  0]LogNetVersion: Set ProjectVersion to 1.0.0.0. Version Checksum will be recalculated on next use.
[2022.12.17-01.01.05:892][  0]LogInit: Texture streaming: Enabled
[2022.12.17-01.01.05:973][  0]LogSlate: Updating window title bar state: overlay mode, drag disabled, window buttons hidden, title bar hidden
[2022.12.17-01.01.05:974][  0]LogInit: Display: Game Engine Initialized.
[2022.12.17-01.01.05:974][  0]LogNiagaraEditor: Warning: GEditor isn't valid! Particle reset commands will not work for Niagara components!
[2022.12.17-01.01.05:989][  0]LogInit: Display: Starting Game.
[2022.12.17-01.01.05:989][  0]LogNet: Browse: 127.0.0.1:17777/Game/ThirdPersonCPP/Maps/ThirdPersonExampleMap?Name=Player
[2022.12.17-01.01.05:989][  0]LogInit: WinSock: Socket queue. Rx: 32768 (config 32768) Tx: 32768 (config 32768)
[2022.12.17-01.01.05:989][  0]LogNet: Created socket for bind address: 0.0.0.0 on port 0
[2022.12.17-01.01.05:989][  0]PacketHandlerLog: Loaded PacketHandler component: Engine.EngineHandlerComponentFactory (StatelessConnectHandlerComponent)
[2022.12.17-01.01.05:990][  0]LogNet: Game client on port 17777, rate 10000
[2022.12.17-01.01.06:025][  0]LogLoad: (Engine Initialization) Total time: 6.67 seconds
[2022.12.17-01.01.06:025][  0]LogLoad: (Engine Initialization) Total Blueprint compile time: 0.00 seconds
[2022.12.17-01.01.06:030][  0]LogContentStreaming: Texture pool size now 1000 MB
[2022.12.17-01.01.06:034][  0]LogSlate: InvalidateAllWidgets triggered.  All widgets were invalidated
[2022.12.17-01.01.06:997][127]LogHandshake: SendChallengeResponse. Timestamp: 1.831188, Cookie: 080230074161057122192075024025242052247123041129192213061197
[2022.12.17-01.01.07:030][184]LogNetVersion: ChatSystem 1.0.0.0, NetCL: 13144385, EngineNetVer: 14, GameNetVer: 0 (Checksum: 3385227660)
[2022.12.17-01.01.07:030][184]LogNet: UPendingNetGame::SendInitialJoin: Sending hello. [UNetConnection] RemoteAddr: 127.0.0.1:17777, Name: IpConnection_0, Driver: PendingNetDriver IpNetDriver_0, IsServer: NO, PC: NULL, Owner: NULL, UniqueId: INVALID
[2022.12.17-01.01.07:065][236]LogNet: Welcomed by server (Level: /Game/ThirdPersonCPP/Maps/ThirdPersonExampleMap, Game: /Script/ChatSystem.ChatSystemGameMode)
[2022.12.17-01.01.07:065][236]LogLoad: LoadMap: 127.0.0.1:17777/Game/ThirdPersonCPP/Maps/ThirdPersonExampleMap?Name=Player?game=/Script/ChatSystem.ChatSystemGameMode
[2022.12.17-01.01.07:065][236]LogWorld: BeginTearingDown for /Temp/Untitled_0
[2022.12.17-01.01.07:065][236]LogWorld: UWorld::CleanupWorld for Untitled, bSessionEnded=true, bCleanupResources=true
[2022.12.17-01.01.07:065][236]LogSlate: InvalidateAllWidgets triggered.  All widgets were invalidated
[2022.12.17-01.01.07:081][236]LogUObjectHash: Compacting FUObjectHashTables data took   0.80ms
[2022.12.17-01.01.07:170][236]LogWorld: Bringing World /Game/ThirdPersonCPP/Maps/ThirdPersonExampleMap.ThirdPersonExampleMap up for play (max tick rate 0) at 2022.12.16-22.01.07
[2022.12.17-01.01.07:170][236]LogWorld: Bringing up level for play took: 0.010831
[2022.12.17-01.01.07:171][236]LogLoad: Took 0.106396 seconds to LoadMap(/Game/ThirdPersonCPP/Maps/ThirdPersonExampleMap)
[2022.12.17-01.01.07:172][236]LogNavigation: Warning: NavData RegistrationFailed_DataPendingKill.
[2022.12.17-01.01.07:174][237]LogRenderer: Reallocating scene render targets to support 1280x720 Format 10 NumSamples 1 (Frame:1).
[2022.12.17-01.01.07:361][246]LogOnlineSession: Warning: OSS: No game present to join for session (GameSession)
[2022.12.17-01.01.07:373][246]LogSlate: Took 0.000256 seconds to synchronously load lazily loaded font '../../../Engine/Content/Slate/Fonts/Roboto-Regular.ttf' (155K)
[2022.12.17-01.01.14:734][653]LogBlueprintUserMessages: [UMG_ExWChatSystemMain_C_0] Message received
[2022.12.17-01.01.19:756][940]LogWindows: Error: === Critical error: ===
[2022.12.17-01.01.19:756][940]LogWindows: Error: 
[2022.12.17-01.01.19:756][940]LogWindows: Error: Fatal error!
[2022.12.17-01.01.19:756][940]LogWindows: Error: 
[2022.12.17-01.01.19:756][940]LogWindows: Error: Unhandled Exception: EXCEPTION_ACCESS_VIOLATION reading address 0x19cedf88
[2022.12.17-01.01.19:756][940]LogWindows: Error: 
[2022.12.17-01.01.19:756][940]LogWindows: Error: [Callstack] 0x00007ffa105c146c VCRUNTIME140.dll!UnknownFunction []
[2022.12.17-01.01.19:756][940]LogWindows: Error: [Callstack] 0x00007ff997225223 UE4Editor-Core.dll!UnknownFunction []
[2022.12.17-01.01.19:756][940]LogWindows: Error: [Callstack] 0x00007ff979a3cab1 UE4Editor-ChatSystem.dll!UScriptStruct::TCppStructOps<FExWChatSystemMessageDataContainer>::Copy() [F:\Program Files\Epic Games\UE_4.25\Engine\Source\Runtime\CoreUObject\Public\UObject\Class.h:1300]
[2022.12.17-01.01.19:756][940]LogWindows: Error: [Callstack] 0x00007ff996c6b402 UE4Editor-CoreUObject.dll!UnknownFunction []
[2022.12.17-01.01.19:756][940]LogWindows: Error: [Callstack] 0x00007ff996f1d30c UE4Editor-CoreUObject.dll!UnknownFunction []
[2022.12.17-01.01.19:756][940]LogWindows: Error: [Callstack] 0x00007ff996f1c9c1 UE4Editor-CoreUObject.dll!UnknownFunction []
[2022.12.17-01.01.19:756][940]LogWindows: Error: [Callstack] 0x00007ff996ef571d UE4Editor-CoreUObject.dll!UnknownFunction []
[2022.12.17-01.01.19:756][940]LogWindows: Error: [Callstack] 0x00007ff996ec3bba UE4Editor-CoreUObject.dll!UnknownFunction []
[2022.12.17-01.01.19:756][940]LogWindows: Error: [Callstack] 0x00007ff996ef5362 UE4Editor-CoreUObject.dll!UnknownFunction []
[2022.12.17-01.01.19:756][940]LogWindows: Error: [Callstack] 0x00007ff996ef571d UE4Editor-CoreUObject.dll!UnknownFunction []
[2022.12.17-01.01.19:756][940]LogWindows: Error: [Callstack] 0x00007ff996ef4c24 UE4Editor-CoreUObject.dll!UnknownFunction []
[2022.12.17-01.01.19:756][940]LogWindows: Error: [Callstack] 0x00007ff996c80b34 UE4Editor-CoreUObject.dll!UnknownFunction []
[2022.12.17-01.01.19:756][940]LogWindows: Error: [Callstack] 0x00007ff996ef4753 UE4Editor-CoreUObject.dll!UnknownFunction []
[2022.12.17-01.01.19:756][940]LogWindows: Error: [Callstack] 0x00007ff979a3d3be UE4Editor-ChatSystem.dll!IExWChatSystemMessageReceiverInterface::Execute_OnNewMessage() [G:\Documentos\Clientes\StevenJeffRudy\ChatSystem\ChatSystem\Intermediate\Build\Win64\UE4Editor\Inc\ChatSystem\ExWChatSystemMessageReceiverInterface.gen.cpp:166]
[2022.12.17-01.01.19:756][940]LogWindows: Error: [Callstack] 0x00007ff979a34c91 UE4Editor-ChatSystem.dll!AChatSystemCharacter::OnNewMessageReceived_Implementation() [G:\Documentos\Clientes\StevenJeffRudy\ChatSystem\ChatSystem\Source\ChatSystem\Character\ChatSystemCharacter.cpp:336]
[2022.12.17-01.01.19:756][940]LogWindows: Error: [Callstack] 0x00007ff979a3b65e UE4Editor-ChatSystem.dll!AChatSystemCharacter::execOnNewMessageReceived() [G:\Documentos\Clientes\StevenJeffRudy\ChatSystem\ChatSystem\Intermediate\Build\Win64\UE4Editor\Inc\ChatSystem\ChatSystemCharacter.gen.cpp:32]
[2022.12.17-01.01.19:756][940]LogWindows: Error: [Callstack] 0x00007ff996c80b34 UE4Editor-CoreUObject.dll!UnknownFunction []
[2022.12.17-01.01.19:756][940]LogWindows: Error: [Callstack] 0x00007ff996ef4753 UE4Editor-CoreUObject.dll!UnknownFunction []
[2022.12.17-01.01.19:757][940]LogWindows: Error: [Callstack] 0x00007ff98876afe5 UE4Editor-Engine.dll!UnknownFunction []
[2022.12.17-01.01.19:757][940]LogWindows: Error: [Callstack] 0x00007ff979a3aaf3 UE4Editor-ChatSystem.dll!AChatSystemCharacter::OnNewMessageReceived() [G:\Documentos\Clientes\StevenJeffRudy\ChatSystem\ChatSystem\Intermediate\Build\Win64\UE4Editor\Inc\ChatSystem\ChatSystemCharacter.gen.cpp:223]
[2022.12.17-01.01.19:757][940]LogWindows: Error: [Callstack] 0x00007ff979a348e5 UE4Editor-ChatSystem.dll!AChatSystemCharacter::NetMulticastSendMessage_Implementation() [G:\Documentos\Clientes\StevenJeffRudy\ChatSystem\ChatSystem\Source\ChatSystem\Character\ChatSystemCharacter.cpp:261]
[2022.12.17-01.01.19:757][940]LogWindows: Error: [Callstack] 0x00007ff979a3b22e UE4Editor-ChatSystem.dll!AChatSystemCharacter::execNetMulticastSendMessage() [G:\Documentos\Clientes\StevenJeffRudy\ChatSystem\ChatSystem\Intermediate\Build\Win64\UE4Editor\Inc\ChatSystem\ChatSystemCharacter.gen.cpp:43]
[2022.12.17-01.01.19:757][940]LogWindows: Error: [Callstack] 0x00007ff996c80b34 UE4Editor-CoreUObject.dll!UnknownFunction []
[2022.12.17-01.01.19:757][940]LogWindows: Error: [Callstack] 0x00007ff996ef4753 UE4Editor-CoreUObject.dll!UnknownFunction []
[2022.12.17-01.01.19:757][940]LogWindows: Error: [Callstack] 0x00007ff98876afe5 UE4Editor-Engine.dll!UnknownFunction []
[2022.12.17-01.01.19:757][940]LogWindows: Error: [Callstack] 0x00007ff988cff882 UE4Editor-Engine.dll!UnknownFunction []
[2022.12.17-01.01.19:757][940]LogWindows: Error: [Callstack] 0x00007ff988cfdcb7 UE4Editor-Engine.dll!UnknownFunction []
[2022.12.17-01.01.19:757][940]LogWindows: Error: [Callstack] 0x00007ff988c7b7f3 UE4Editor-Engine.dll!UnknownFunction []
[2022.12.17-01.01.19:757][940]LogWindows: Error: [Callstack] 0x00007ff988c837c8 UE4Editor-Engine.dll!UnknownFunction []
[2022.12.17-01.01.19:757][940]LogWindows: Error: [Callstack] 0x00007ff988c8716f UE4Editor-Engine.dll!UnknownFunction []
[2022.12.17-01.01.19:757][940]LogWindows: Error: [Callstack] 0x00007ff988c867b7 UE4Editor-Engine.dll!UnknownFunction []
[2022.12.17-01.01.19:757][940]LogWindows: Error: [Callstack] 0x00007ff988c86d5e UE4Editor-Engine.dll!UnknownFunction []
[2022.12.17-01.01.19:757][940]LogWindows: Error: [Callstack] 0x00007ff9891c2203 UE4Editor-Engine.dll!UnknownFunction []
[2022.12.17-01.01.19:757][940]LogWindows: Error: [Callstack] 0x00007ff9891c3ca8 UE4Editor-Engine.dll!UnknownFunction []
[2022.12.17-01.01.19:757][940]LogWindows: Error: [Callstack] 0x00007ff98311b31f UE4Editor-OnlineSubsystemUtils.dll!UnknownFunction []
[2022.12.17-01.01.19:757][940]LogWindows: Error: [Callstack] 0x00007ff9891f8f5f UE4Editor-Engine.dll!UnknownFunction []
[2022.12.17-01.01.19:757][940]LogWindows: Error: [Callstack] 0x00007ff9886ad380 UE4Editor-Engine.dll!UnknownFunction []
[2022.12.17-01.01.19:757][940]LogWindows: Error: [Callstack] 0x00007ff988ff6305 UE4Editor-Engine.dll!UnknownFunction []
[2022.12.17-01.01.19:757][940]LogWindows: Error: [Callstack] 0x00007ff988de9a3d UE4Editor-Engine.dll!UnknownFunction []
[2022.12.17-01.01.19:757][940]LogWindows: Error: [Callstack] 0x00007ff65d197800 UE4Editor.exe!UnknownFunction []
[2022.12.17-01.01.19:757][940]LogWindows: Error: [Callstack] 0x00007ff65d1aba7c UE4Editor.exe!UnknownFunction []
[2022.12.17-01.01.19:757][940]LogWindows: Error: [Callstack] 0x00007ff65d1abb5a UE4Editor.exe!UnknownFunction []
[2022.12.17-01.01.19:757][940]LogWindows: Error: [Callstack] 0x00007ff65d1be31d UE4Editor.exe!UnknownFunction []
[2022.12.17-01.01.19:757][940]LogWindows: Error: [Callstack] 0x00007ff65d1c145a UE4Editor.exe!UnknownFunction []
[2022.12.17-01.01.19:757][940]LogWindows: Error: [Callstack] 0x00007ffa19ee7614 KERNEL32.DLL!UnknownFunction []
[2022.12.17-01.01.19:757][940]LogWindows: Error: [Callstack] 0x00007ffa1bd226a1 ntdll.dll!UnknownFunction []
[2022.12.17-01.01.19:757][940]LogWindows: Error: 
[2022.12.17-01.01.19:769][940]LogExit: Executing StaticShutdownAfterError
[2022.12.17-01.01.19:771][940]LogWindows: FPlatformMisc::RequestExit(1)
[2022.12.17-01.01.19:771][940]LogCore: Engine exit requested (reason: Win RequestExit)
[2022.12.17-01.01.19:774][940]Log file closed, 12/16/22 22:01:19
